{"/Users/nnaidoo/dev/vscode-extensions/envsync-le/src/extension.ts": {"path":"/Users/nnaidoo/dev/vscode-extensions/envsync-le/src/extension.ts","all":false,"statementMap":{"0":{"start":{"line":1,"column":0},"end":{"line":1,"column":33}},"1":{"start":{"line":2,"column":0},"end":{"line":2,"column":8}},"6":{"start":{"line":7,"column":0},"end":{"line":7,"column":64}},"7":{"start":{"line":8,"column":0},"end":{"line":8,"column":65}},"8":{"start":{"line":9,"column":0},"end":{"line":9,"column":67}},"9":{"start":{"line":10,"column":0},"end":{"line":10,"column":67}},"10":{"start":{"line":11,"column":0},"end":{"line":11,"column":66}},"11":{"start":{"line":12,"column":0},"end":{"line":12,"column":49}},"12":{"start":{"line":13,"column":0},"end":{"line":13,"column":45}},"13":{"start":{"line":14,"column":0},"end":{"line":14,"column":64}},"14":{"start":{"line":15,"column":0},"end":{"line":15,"column":54}},"16":{"start":{"line":17,"column":0},"end":{"line":17,"column":66}},"18":{"start":{"line":19,"column":0},"end":{"line":19,"column":67}},"19":{"start":{"line":20,"column":0},"end":{"line":20,"column":56}},"20":{"start":{"line":21,"column":0},"end":{"line":21,"column":39}},"21":{"start":{"line":22,"column":0},"end":{"line":22,"column":52}},"22":{"start":{"line":23,"column":0},"end":{"line":23,"column":16}},"23":{"start":{"line":24,"column":0},"end":{"line":24,"column":3}},"24":{"start":{"line":25,"column":0},"end":{"line":25,"column":51}},"25":{"start":{"line":26,"column":0},"end":{"line":26,"column":24}},"26":{"start":{"line":27,"column":0},"end":{"line":27,"column":48}},"27":{"start":{"line":28,"column":0},"end":{"line":28,"column":32}},"28":{"start":{"line":29,"column":0},"end":{"line":29,"column":25}},"29":{"start":{"line":30,"column":0},"end":{"line":30,"column":4}},"30":{"start":{"line":31,"column":0},"end":{"line":31,"column":44}},"31":{"start":{"line":32,"column":0},"end":{"line":32,"column":18}},"32":{"start":{"line":33,"column":0},"end":{"line":33,"column":35}},"33":{"start":{"line":34,"column":0},"end":{"line":34,"column":46}},"34":{"start":{"line":35,"column":0},"end":{"line":35,"column":77}},"35":{"start":{"line":36,"column":0},"end":{"line":36,"column":50}},"36":{"start":{"line":37,"column":0},"end":{"line":37,"column":28}},"37":{"start":{"line":38,"column":0},"end":{"line":38,"column":4}},"38":{"start":{"line":39,"column":0},"end":{"line":39,"column":34}},"39":{"start":{"line":40,"column":0},"end":{"line":40,"column":12}},"40":{"start":{"line":41,"column":0},"end":{"line":41,"column":11}},"41":{"start":{"line":42,"column":0},"end":{"line":42,"column":12}},"42":{"start":{"line":43,"column":0},"end":{"line":43,"column":16}},"43":{"start":{"line":44,"column":0},"end":{"line":44,"column":13}},"44":{"start":{"line":45,"column":0},"end":{"line":45,"column":4}},"45":{"start":{"line":46,"column":0},"end":{"line":46,"column":58}},"48":{"start":{"line":49,"column":0},"end":{"line":49,"column":56}},"49":{"start":{"line":50,"column":0},"end":{"line":50,"column":31}},"50":{"start":{"line":51,"column":0},"end":{"line":51,"column":12}},"51":{"start":{"line":52,"column":0},"end":{"line":52,"column":11}},"52":{"start":{"line":53,"column":0},"end":{"line":53,"column":12}},"53":{"start":{"line":54,"column":0},"end":{"line":54,"column":11}},"54":{"start":{"line":55,"column":0},"end":{"line":55,"column":13}},"55":{"start":{"line":56,"column":0},"end":{"line":56,"column":34}},"56":{"start":{"line":57,"column":0},"end":{"line":57,"column":16}},"57":{"start":{"line":58,"column":0},"end":{"line":58,"column":4}},"60":{"start":{"line":61,"column":0},"end":{"line":61,"column":70}},"63":{"start":{"line":64,"column":0},"end":{"line":64,"column":40}},"65":{"start":{"line":66,"column":0},"end":{"line":66,"column":65}},"68":{"start":{"line":69,"column":0},"end":{"line":69,"column":43}},"69":{"start":{"line":70,"column":0},"end":{"line":70,"column":46}},"70":{"start":{"line":71,"column":0},"end":{"line":71,"column":22}},"71":{"start":{"line":72,"column":0},"end":{"line":72,"column":91}},"72":{"start":{"line":73,"column":0},"end":{"line":73,"column":5}},"73":{"start":{"line":74,"column":0},"end":{"line":74,"column":3}},"74":{"start":{"line":75,"column":0},"end":{"line":75,"column":4}},"77":{"start":{"line":78,"column":0},"end":{"line":78,"column":39}},"78":{"start":{"line":79,"column":0},"end":{"line":79,"column":39}},"79":{"start":{"line":80,"column":0},"end":{"line":80,"column":38}},"81":{"start":{"line":82,"column":0},"end":{"line":82,"column":40}},"82":{"start":{"line":83,"column":0},"end":{"line":83,"column":1}},"84":{"start":{"line":85,"column":0},"end":{"line":85,"column":36}},"86":{"start":{"line":87,"column":0},"end":{"line":87,"column":1}}},"s":{"0":1,"1":1,"6":1,"7":1,"8":1,"9":1,"10":1,"11":1,"12":1,"13":1,"14":1,"16":1,"18":2,"19":2,"20":2,"21":2,"22":2,"23":2,"24":2,"25":2,"26":2,"27":2,"28":2,"29":2,"30":2,"31":2,"32":2,"33":2,"34":0,"35":2,"36":2,"37":2,"38":2,"39":2,"40":2,"41":2,"42":2,"43":2,"44":2,"45":2,"48":2,"49":2,"50":2,"51":2,"52":2,"53":2,"54":2,"55":2,"56":2,"57":2,"60":2,"63":2,"65":1,"68":1,"69":1,"70":1,"71":1,"72":1,"73":1,"74":2,"77":2,"78":2,"79":2,"81":2,"82":2,"84":1,"86":1},"branchMap":{"0":{"type":"branch","line":17,"loc":{"start":{"line":17,"column":7},"end":{"line":83,"column":1}},"locations":[{"start":{"line":17,"column":7},"end":{"line":83,"column":1}}]},"1":{"type":"branch","line":64,"loc":{"start":{"line":64,"column":28},"end":{"line":75,"column":2}},"locations":[{"start":{"line":64,"column":28},"end":{"line":75,"column":2}}]},"2":{"type":"branch","line":72,"loc":{"start":{"line":72,"column":65},"end":{"line":72,"column":88}},"locations":[{"start":{"line":72,"column":65},"end":{"line":72,"column":88}}]},"3":{"type":"branch","line":85,"loc":{"start":{"line":85,"column":7},"end":{"line":87,"column":1}},"locations":[{"start":{"line":85,"column":7},"end":{"line":87,"column":1}}]}},"b":{"0":[2],"1":[1],"2":[0],"3":[1]},"fnMap":{"0":{"name":"activate","decl":{"start":{"line":17,"column":7},"end":{"line":83,"column":1}},"loc":{"start":{"line":17,"column":7},"end":{"line":83,"column":1}},"line":17},"1":{"name":"findFiles","decl":{"start":{"line":34,"column":13},"end":{"line":35,"column":77}},"loc":{"start":{"line":34,"column":13},"end":{"line":35,"column":77}},"line":34},"2":{"name":"deactivate","decl":{"start":{"line":85,"column":7},"end":{"line":87,"column":1}},"loc":{"start":{"line":85,"column":7},"end":{"line":87,"column":1}},"line":85}},"f":{"0":2,"1":0,"2":1}}
,"/Users/nnaidoo/dev/vscode-extensions/envsync-le/src/adapters/index.ts": {"path":"/Users/nnaidoo/dev/vscode-extensions/envsync-le/src/adapters/index.ts","all":false,"statementMap":{"0":{"start":{"line":1,"column":0},"end":{"line":1,"column":66}},"1":{"start":{"line":2,"column":0},"end":{"line":2,"column":60}},"2":{"start":{"line":3,"column":0},"end":{"line":3,"column":56}},"3":{"start":{"line":4,"column":0},"end":{"line":4,"column":58}},"4":{"start":{"line":5,"column":0},"end":{"line":5,"column":58}},"5":{"start":{"line":6,"column":0},"end":{"line":6,"column":66}},"6":{"start":{"line":7,"column":0},"end":{"line":7,"column":57}},"7":{"start":{"line":8,"column":0},"end":{"line":8,"column":58}}},"s":{"0":1,"1":1,"2":1,"3":1,"4":1,"5":1,"6":1,"7":1},"branchMap":{},"b":{},"fnMap":{},"f":{}}
,"/Users/nnaidoo/dev/vscode-extensions/envsync-le/src/adapters/vscodeCommand.ts": {"path":"/Users/nnaidoo/dev/vscode-extensions/envsync-le/src/adapters/vscodeCommand.ts","all":false,"statementMap":{"0":{"start":{"line":1,"column":0},"end":{"line":1,"column":33}},"3":{"start":{"line":4,"column":0},"end":{"line":4,"column":61}},"4":{"start":{"line":5,"column":0},"end":{"line":5,"column":57}},"6":{"start":{"line":7,"column":0},"end":{"line":7,"column":17}},"7":{"start":{"line":8,"column":0},"end":{"line":8,"column":18}},"8":{"start":{"line":9,"column":0},"end":{"line":9,"column":56}},"9":{"start":{"line":10,"column":0},"end":{"line":10,"column":10}},"10":{"start":{"line":11,"column":0},"end":{"line":11,"column":34}},"11":{"start":{"line":12,"column":0},"end":{"line":12,"column":67}},"12":{"start":{"line":13,"column":0},"end":{"line":13,"column":22}},"13":{"start":{"line":14,"column":0},"end":{"line":14,"column":5}},"14":{"start":{"line":15,"column":0},"end":{"line":15,"column":4}},"15":{"start":{"line":16,"column":0},"end":{"line":16,"column":2}},"17":{"start":{"line":18,"column":0},"end":{"line":18,"column":29}},"18":{"start":{"line":19,"column":0},"end":{"line":19,"column":18}},"19":{"start":{"line":20,"column":0},"end":{"line":20,"column":20}},"20":{"start":{"line":21,"column":0},"end":{"line":21,"column":28}},"21":{"start":{"line":22,"column":0},"end":{"line":22,"column":63}},"25":{"start":{"line":26,"column":0},"end":{"line":26,"column":52}},"26":{"start":{"line":27,"column":0},"end":{"line":27,"column":2}},"27":{"start":{"line":28,"column":0},"end":{"line":28,"column":1}}},"s":{"0":1,"3":1,"4":1,"6":1,"7":2,"8":2,"9":2,"10":2,"11":2,"12":0,"13":2,"14":2,"15":2,"17":1,"18":0,"19":0,"20":0,"21":0,"25":0,"26":0,"27":1},"branchMap":{"0":{"type":"branch","line":5,"loc":{"start":{"line":5,"column":1},"end":{"line":5,"column":57}},"locations":[{"start":{"line":5,"column":1},"end":{"line":5,"column":57}}]},"1":{"type":"branch","line":7,"loc":{"start":{"line":7,"column":1},"end":{"line":16,"column":2}},"locations":[{"start":{"line":7,"column":1},"end":{"line":16,"column":2}}]}},"b":{"0":[2],"1":[2]},"fnMap":{"0":{"name":"VSCodeCommandAdapter","decl":{"start":{"line":5,"column":1},"end":{"line":5,"column":57}},"loc":{"start":{"line":5,"column":1},"end":{"line":5,"column":57}},"line":5},"1":{"name":"registerCommand","decl":{"start":{"line":7,"column":1},"end":{"line":16,"column":2}},"loc":{"start":{"line":7,"column":1},"end":{"line":16,"column":2}},"line":7},"2":{"name":"executeCommand","decl":{"start":{"line":18,"column":1},"end":{"line":27,"column":2}},"loc":{"start":{"line":18,"column":1},"end":{"line":27,"column":2}},"line":18}},"f":{"0":2,"1":2,"2":0}}
,"/Users/nnaidoo/dev/vscode-extensions/envsync-le/src/adapters/vscodeFileSystem.ts": {"path":"/Users/nnaidoo/dev/vscode-extensions/envsync-le/src/adapters/vscodeFileSystem.ts","all":false,"statementMap":{"15":{"start":{"line":16,"column":0},"end":{"line":16,"column":78}},"16":{"start":{"line":17,"column":0},"end":{"line":17,"column":9}},"17":{"start":{"line":18,"column":0},"end":{"line":18,"column":18}},"18":{"start":{"line":19,"column":0},"end":{"line":19,"column":19}},"19":{"start":{"line":20,"column":0},"end":{"line":20,"column":27}},"20":{"start":{"line":21,"column":0},"end":{"line":21,"column":23}},"21":{"start":{"line":22,"column":0},"end":{"line":22,"column":26}},"22":{"start":{"line":23,"column":0},"end":{"line":23,"column":67}},"23":{"start":{"line":24,"column":0},"end":{"line":24,"column":30}},"24":{"start":{"line":25,"column":0},"end":{"line":25,"column":25}},"25":{"start":{"line":26,"column":0},"end":{"line":26,"column":24}},"26":{"start":{"line":27,"column":0},"end":{"line":27,"column":7}},"27":{"start":{"line":28,"column":0},"end":{"line":28,"column":4}},"29":{"start":{"line":30,"column":0},"end":{"line":30,"column":53}},"30":{"start":{"line":31,"column":0},"end":{"line":31,"column":39}},"31":{"start":{"line":32,"column":0},"end":{"line":32,"column":56}},"32":{"start":{"line":33,"column":0},"end":{"line":33,"column":48}},"33":{"start":{"line":34,"column":0},"end":{"line":34,"column":4}},"35":{"start":{"line":36,"column":0},"end":{"line":36,"column":60}},"36":{"start":{"line":37,"column":0},"end":{"line":37,"column":39}},"37":{"start":{"line":38,"column":0},"end":{"line":38,"column":49}},"38":{"start":{"line":39,"column":0},"end":{"line":39,"column":11}},"39":{"start":{"line":40,"column":0},"end":{"line":40,"column":32}},"40":{"start":{"line":41,"column":0},"end":{"line":41,"column":20}},"41":{"start":{"line":42,"column":0},"end":{"line":42,"column":51}},"42":{"start":{"line":43,"column":0},"end":{"line":43,"column":61}},"43":{"start":{"line":44,"column":0},"end":{"line":44,"column":5}},"44":{"start":{"line":45,"column":0},"end":{"line":45,"column":4}},"46":{"start":{"line":47,"column":0},"end":{"line":47,"column":44}},"47":{"start":{"line":48,"column":0},"end":{"line":48,"column":40}},"48":{"start":{"line":49,"column":0},"end":{"line":49,"column":4}},"50":{"start":{"line":51,"column":0},"end":{"line":51,"column":56}},"51":{"start":{"line":52,"column":0},"end":{"line":52,"column":8}},"52":{"start":{"line":53,"column":0},"end":{"line":53,"column":40}},"53":{"start":{"line":54,"column":0},"end":{"line":54,"column":50}},"54":{"start":{"line":55,"column":0},"end":{"line":55,"column":50}},"55":{"start":{"line":56,"column":0},"end":{"line":56,"column":12}},"56":{"start":{"line":57,"column":0},"end":{"line":57,"column":17}},"57":{"start":{"line":58,"column":0},"end":{"line":58,"column":4}},"58":{"start":{"line":59,"column":0},"end":{"line":59,"column":4}},"59":{"start":{"line":60,"column":0},"end":{"line":60,"column":3}},"60":{"start":{"line":61,"column":0},"end":{"line":61,"column":1}}},"s":{"15":1,"16":9,"17":9,"18":1,"19":1,"20":1,"21":1,"22":1,"23":1,"24":2,"25":2,"26":1,"27":1,"29":9,"30":2,"31":2,"32":1,"33":2,"35":9,"36":1,"37":1,"38":1,"39":1,"40":1,"41":1,"42":1,"43":1,"44":1,"46":9,"47":2,"48":2,"50":9,"51":2,"52":2,"53":2,"54":1,"55":1,"56":1,"57":1,"58":2,"59":9,"60":9},"branchMap":{"0":{"type":"branch","line":16,"loc":{"start":{"line":16,"column":7},"end":{"line":61,"column":1}},"locations":[{"start":{"line":16,"column":7},"end":{"line":61,"column":1}}]},"1":{"type":"branch","line":18,"loc":{"start":{"line":18,"column":2},"end":{"line":28,"column":4}},"locations":[{"start":{"line":18,"column":2},"end":{"line":28,"column":4}}]},"2":{"type":"branch","line":24,"loc":{"start":{"line":24,"column":19},"end":{"line":27,"column":5}},"locations":[{"start":{"line":24,"column":19},"end":{"line":27,"column":5}}]},"3":{"type":"branch","line":30,"loc":{"start":{"line":30,"column":2},"end":{"line":34,"column":4}},"locations":[{"start":{"line":30,"column":2},"end":{"line":34,"column":4}}]},"4":{"type":"branch","line":32,"loc":{"start":{"line":32,"column":54},"end":{"line":33,"column":48}},"locations":[{"start":{"line":32,"column":54},"end":{"line":33,"column":48}}]},"5":{"type":"branch","line":36,"loc":{"start":{"line":36,"column":2},"end":{"line":45,"column":4}},"locations":[{"start":{"line":36,"column":2},"end":{"line":45,"column":4}}]},"6":{"type":"branch","line":47,"loc":{"start":{"line":47,"column":2},"end":{"line":49,"column":4}},"locations":[{"start":{"line":47,"column":2},"end":{"line":49,"column":4}}]},"7":{"type":"branch","line":51,"loc":{"start":{"line":51,"column":2},"end":{"line":59,"column":4}},"locations":[{"start":{"line":51,"column":2},"end":{"line":59,"column":4}}]},"8":{"type":"branch","line":54,"loc":{"start":{"line":54,"column":48},"end":{"line":58,"column":4}},"locations":[{"start":{"line":54,"column":48},"end":{"line":58,"column":4}}]}},"b":{"0":[9],"1":[1],"2":[2],"3":[2],"4":[1],"5":[1],"6":[2],"7":[2],"8":[1]},"fnMap":{"0":{"name":"createVSCodeFileSystem","decl":{"start":{"line":16,"column":7},"end":{"line":61,"column":1}},"loc":{"start":{"line":16,"column":7},"end":{"line":61,"column":1}},"line":16},"1":{"name":"findFiles","decl":{"start":{"line":18,"column":2},"end":{"line":28,"column":4}},"loc":{"start":{"line":18,"column":2},"end":{"line":28,"column":4}},"line":18},"2":{"name":"readFile","decl":{"start":{"line":30,"column":2},"end":{"line":34,"column":4}},"loc":{"start":{"line":30,"column":2},"end":{"line":34,"column":4}},"line":30},"3":{"name":"getFileStats","decl":{"start":{"line":36,"column":2},"end":{"line":45,"column":4}},"loc":{"start":{"line":36,"column":2},"end":{"line":45,"column":4}},"line":36},"4":{"name":"asRelativePath","decl":{"start":{"line":47,"column":2},"end":{"line":49,"column":4}},"loc":{"start":{"line":47,"column":2},"end":{"line":49,"column":4}},"line":47},"5":{"name":"fileExists","decl":{"start":{"line":51,"column":2},"end":{"line":59,"column":4}},"loc":{"start":{"line":51,"column":2},"end":{"line":59,"column":4}},"line":51}},"f":{"0":9,"1":1,"2":2,"3":1,"4":2,"5":2}}
,"/Users/nnaidoo/dev/vscode-extensions/envsync-le/src/adapters/vscodeNotifier.ts": {"path":"/Users/nnaidoo/dev/vscode-extensions/envsync-le/src/adapters/vscodeNotifier.ts","all":false,"statementMap":{"1":{"start":{"line":2,"column":0},"end":{"line":2,"column":34}},"6":{"start":{"line":7,"column":0},"end":{"line":7,"column":73}},"13":{"start":{"line":14,"column":0},"end":{"line":14,"column":37}},"14":{"start":{"line":15,"column":0},"end":{"line":15,"column":26}},"15":{"start":{"line":16,"column":0},"end":{"line":16,"column":31}},"16":{"start":{"line":17,"column":0},"end":{"line":17,"column":13}},"17":{"start":{"line":18,"column":0},"end":{"line":18,"column":66}},"18":{"start":{"line":19,"column":0},"end":{"line":19,"column":33}},"19":{"start":{"line":20,"column":0},"end":{"line":20,"column":21}},"20":{"start":{"line":21,"column":0},"end":{"line":21,"column":36}},"21":{"start":{"line":22,"column":0},"end":{"line":22,"column":24}},"22":{"start":{"line":23,"column":0},"end":{"line":23,"column":37}},"23":{"start":{"line":24,"column":0},"end":{"line":24,"column":37}},"24":{"start":{"line":25,"column":0},"end":{"line":25,"column":22}},"25":{"start":{"line":26,"column":0},"end":{"line":26,"column":7}},"26":{"start":{"line":27,"column":0},"end":{"line":27,"column":21}},"27":{"start":{"line":28,"column":0},"end":{"line":28,"column":5}},"28":{"start":{"line":29,"column":0},"end":{"line":29,"column":4}},"29":{"start":{"line":30,"column":0},"end":{"line":30,"column":34}},"30":{"start":{"line":31,"column":0},"end":{"line":31,"column":2}},"32":{"start":{"line":33,"column":0},"end":{"line":33,"column":23}},"33":{"start":{"line":34,"column":0},"end":{"line":34,"column":68}},"34":{"start":{"line":35,"column":0},"end":{"line":35,"column":40}},"35":{"start":{"line":36,"column":0},"end":{"line":36,"column":34}},"37":{"start":{"line":38,"column":0},"end":{"line":38,"column":58}},"38":{"start":{"line":39,"column":0},"end":{"line":39,"column":18}},"39":{"start":{"line":40,"column":0},"end":{"line":40,"column":65}},"40":{"start":{"line":41,"column":0},"end":{"line":41,"column":28}},"41":{"start":{"line":42,"column":0},"end":{"line":42,"column":40}},"42":{"start":{"line":43,"column":0},"end":{"line":43,"column":31}},"43":{"start":{"line":44,"column":0},"end":{"line":44,"column":13}},"44":{"start":{"line":45,"column":0},"end":{"line":45,"column":12}},"45":{"start":{"line":46,"column":0},"end":{"line":46,"column":5}},"47":{"start":{"line":48,"column":0},"end":{"line":48,"column":50}},"48":{"start":{"line":49,"column":0},"end":{"line":49,"column":44}},"49":{"start":{"line":50,"column":0},"end":{"line":50,"column":4}},"50":{"start":{"line":51,"column":0},"end":{"line":51,"column":4}},"52":{"start":{"line":53,"column":0},"end":{"line":53,"column":66}},"53":{"start":{"line":54,"column":0},"end":{"line":54,"column":40}},"54":{"start":{"line":55,"column":0},"end":{"line":55,"column":34}},"56":{"start":{"line":57,"column":0},"end":{"line":57,"column":58}},"57":{"start":{"line":58,"column":0},"end":{"line":58,"column":18}},"58":{"start":{"line":59,"column":0},"end":{"line":59,"column":65}},"59":{"start":{"line":60,"column":0},"end":{"line":60,"column":28}},"60":{"start":{"line":61,"column":0},"end":{"line":61,"column":38}},"61":{"start":{"line":62,"column":0},"end":{"line":62,"column":29}},"62":{"start":{"line":63,"column":0},"end":{"line":63,"column":13}},"63":{"start":{"line":64,"column":0},"end":{"line":64,"column":12}},"64":{"start":{"line":65,"column":0},"end":{"line":65,"column":5}},"66":{"start":{"line":67,"column":0},"end":{"line":67,"column":25}},"67":{"start":{"line":68,"column":0},"end":{"line":68,"column":48}},"68":{"start":{"line":69,"column":0},"end":{"line":69,"column":4}},"69":{"start":{"line":70,"column":0},"end":{"line":70,"column":4}},"71":{"start":{"line":72,"column":0},"end":{"line":72,"column":36}},"72":{"start":{"line":73,"column":0},"end":{"line":73,"column":40}},"73":{"start":{"line":74,"column":0},"end":{"line":74,"column":34}},"74":{"start":{"line":75,"column":0},"end":{"line":75,"column":41}},"75":{"start":{"line":76,"column":0},"end":{"line":76,"column":4}},"77":{"start":{"line":78,"column":0},"end":{"line":78,"column":57}},"78":{"start":{"line":79,"column":0},"end":{"line":79,"column":40}},"79":{"start":{"line":80,"column":0},"end":{"line":80,"column":34}},"81":{"start":{"line":82,"column":0},"end":{"line":82,"column":58}},"82":{"start":{"line":83,"column":0},"end":{"line":83,"column":28}},"83":{"start":{"line":84,"column":0},"end":{"line":84,"column":39}},"84":{"start":{"line":85,"column":0},"end":{"line":85,"column":31}},"85":{"start":{"line":86,"column":0},"end":{"line":86,"column":13}},"86":{"start":{"line":87,"column":0},"end":{"line":87,"column":10}},"87":{"start":{"line":88,"column":0},"end":{"line":88,"column":5}},"89":{"start":{"line":90,"column":0},"end":{"line":90,"column":50}},"90":{"start":{"line":91,"column":0},"end":{"line":91,"column":42}},"91":{"start":{"line":92,"column":0},"end":{"line":92,"column":4}},"92":{"start":{"line":93,"column":0},"end":{"line":93,"column":4}},"93":{"start":{"line":94,"column":0},"end":{"line":94,"column":4}},"94":{"start":{"line":95,"column":0},"end":{"line":95,"column":1}}},"s":{"1":1,"6":1,"13":1,"14":15,"15":15,"16":15,"17":15,"18":14,"19":14,"20":13,"21":13,"22":0,"23":0,"24":0,"25":0,"26":13,"27":13,"28":14,"29":14,"30":14,"32":15,"33":15,"34":4,"35":4,"37":4,"38":4,"39":4,"40":4,"41":4,"42":4,"43":4,"44":4,"45":4,"47":4,"48":3,"49":3,"50":4,"52":15,"53":3,"54":3,"56":3,"57":3,"58":3,"59":3,"60":3,"61":3,"62":3,"63":3,"64":3,"66":3,"67":1,"68":1,"69":3,"71":15,"72":4,"73":4,"74":3,"75":4,"77":15,"78":3,"79":3,"81":3,"82":3,"83":3,"84":3,"85":3,"86":3,"87":3,"89":3,"90":2,"91":2,"92":3,"93":15,"94":15},"branchMap":{"0":{"type":"branch","line":14,"loc":{"start":{"line":14,"column":7},"end":{"line":95,"column":1}},"locations":[{"start":{"line":14,"column":7},"end":{"line":95,"column":1}}]},"1":{"type":"branch","line":18,"loc":{"start":{"line":18,"column":1},"end":{"line":31,"column":2}},"locations":[{"start":{"line":18,"column":1},"end":{"line":31,"column":2}}]},"2":{"type":"branch","line":20,"loc":{"start":{"line":20,"column":3},"end":{"line":28,"column":5}},"locations":[{"start":{"line":20,"column":3},"end":{"line":28,"column":5}}]},"3":{"type":"branch","line":34,"loc":{"start":{"line":34,"column":2},"end":{"line":51,"column":4}},"locations":[{"start":{"line":34,"column":2},"end":{"line":51,"column":4}}]},"4":{"type":"branch","line":36,"loc":{"start":{"line":36,"column":27},"end":{"line":36,"column":34}},"locations":[{"start":{"line":36,"column":27},"end":{"line":36,"column":34}}]},"5":{"type":"branch","line":36,"loc":{"start":{"line":36,"column":27},"end":{"line":38,"column":49}},"locations":[{"start":{"line":36,"column":27},"end":{"line":38,"column":49}}]},"6":{"type":"branch","line":38,"loc":{"start":{"line":38,"column":44},"end":{"line":38,"column":58}},"locations":[{"start":{"line":38,"column":44},"end":{"line":38,"column":58}}]},"7":{"type":"branch","line":40,"loc":{"start":{"line":40,"column":49},"end":{"line":40,"column":61}},"locations":[{"start":{"line":40,"column":49},"end":{"line":40,"column":61}}]},"8":{"type":"branch","line":40,"loc":{"start":{"line":40,"column":53},"end":{"line":40,"column":65}},"locations":[{"start":{"line":40,"column":53},"end":{"line":40,"column":65}}]},"9":{"type":"branch","line":48,"loc":{"start":{"line":48,"column":17},"end":{"line":48,"column":49}},"locations":[{"start":{"line":48,"column":17},"end":{"line":48,"column":49}}]},"10":{"type":"branch","line":48,"loc":{"start":{"line":48,"column":49},"end":{"line":50,"column":4}},"locations":[{"start":{"line":48,"column":49},"end":{"line":50,"column":4}}]},"11":{"type":"branch","line":53,"loc":{"start":{"line":53,"column":2},"end":{"line":70,"column":4}},"locations":[{"start":{"line":53,"column":2},"end":{"line":70,"column":4}}]},"12":{"type":"branch","line":55,"loc":{"start":{"line":55,"column":27},"end":{"line":55,"column":34}},"locations":[{"start":{"line":55,"column":27},"end":{"line":55,"column":34}}]},"13":{"type":"branch","line":55,"loc":{"start":{"line":55,"column":27},"end":{"line":57,"column":49}},"locations":[{"start":{"line":55,"column":27},"end":{"line":57,"column":49}}]},"14":{"type":"branch","line":57,"loc":{"start":{"line":57,"column":44},"end":{"line":57,"column":58}},"locations":[{"start":{"line":57,"column":44},"end":{"line":57,"column":58}}]},"15":{"type":"branch","line":59,"loc":{"start":{"line":59,"column":49},"end":{"line":59,"column":61}},"locations":[{"start":{"line":59,"column":49},"end":{"line":59,"column":61}}]},"16":{"type":"branch","line":59,"loc":{"start":{"line":59,"column":53},"end":{"line":59,"column":65}},"locations":[{"start":{"line":59,"column":53},"end":{"line":59,"column":65}}]},"17":{"type":"branch","line":67,"loc":{"start":{"line":67,"column":24},"end":{"line":69,"column":4}},"locations":[{"start":{"line":67,"column":24},"end":{"line":69,"column":4}}]},"18":{"type":"branch","line":72,"loc":{"start":{"line":72,"column":2},"end":{"line":76,"column":4}},"locations":[{"start":{"line":72,"column":2},"end":{"line":76,"column":4}}]},"19":{"type":"branch","line":74,"loc":{"start":{"line":74,"column":27},"end":{"line":74,"column":34}},"locations":[{"start":{"line":74,"column":27},"end":{"line":74,"column":34}}]},"20":{"type":"branch","line":74,"loc":{"start":{"line":74,"column":27},"end":{"line":75,"column":41}},"locations":[{"start":{"line":74,"column":27},"end":{"line":75,"column":41}}]},"21":{"type":"branch","line":78,"loc":{"start":{"line":78,"column":2},"end":{"line":93,"column":4}},"locations":[{"start":{"line":78,"column":2},"end":{"line":93,"column":4}}]},"22":{"type":"branch","line":80,"loc":{"start":{"line":80,"column":27},"end":{"line":80,"column":34}},"locations":[{"start":{"line":80,"column":27},"end":{"line":80,"column":34}}]},"23":{"type":"branch","line":80,"loc":{"start":{"line":80,"column":27},"end":{"line":82,"column":49}},"locations":[{"start":{"line":80,"column":27},"end":{"line":82,"column":49}}]},"24":{"type":"branch","line":82,"loc":{"start":{"line":82,"column":44},"end":{"line":82,"column":58}},"locations":[{"start":{"line":82,"column":44},"end":{"line":82,"column":58}}]},"25":{"type":"branch","line":90,"loc":{"start":{"line":90,"column":17},"end":{"line":90,"column":49}},"locations":[{"start":{"line":90,"column":17},"end":{"line":90,"column":49}}]},"26":{"type":"branch","line":90,"loc":{"start":{"line":90,"column":49},"end":{"line":92,"column":4}},"locations":[{"start":{"line":90,"column":49},"end":{"line":92,"column":4}}]}},"b":{"0":[15],"1":[14],"2":[13],"3":[4],"4":[1],"5":[3],"6":[0],"7":[1],"8":[2],"9":[1],"10":[3],"11":[3],"12":[1],"13":[2],"14":[0],"15":[0],"16":[2],"17":[1],"18":[4],"19":[1],"20":[3],"21":[3],"22":[1],"23":[2],"24":[0],"25":[1],"26":[2]},"fnMap":{"0":{"name":"createVSCodeNotifier","decl":{"start":{"line":14,"column":7},"end":{"line":95,"column":1}},"loc":{"start":{"line":14,"column":7},"end":{"line":95,"column":1}},"line":14},"1":{"name":"getNotificationLevel","decl":{"start":{"line":18,"column":1},"end":{"line":31,"column":2}},"loc":{"start":{"line":18,"column":1},"end":{"line":31,"column":2}},"line":18},"2":{"name":"get","decl":{"start":{"line":21,"column":9},"end":{"line":21,"column":36}},"loc":{"start":{"line":21,"column":9},"end":{"line":21,"column":36}},"line":21},"3":{"name":"getSection","decl":{"start":{"line":22,"column":16},"end":{"line":26,"column":7}},"loc":{"start":{"line":22,"column":16},"end":{"line":26,"column":7}},"line":22},"4":{"name":"has","decl":{"start":{"line":27,"column":9},"end":{"line":27,"column":21}},"loc":{"start":{"line":27,"column":9},"end":{"line":27,"column":21}},"line":27},"5":{"name":"showMissingKeys","decl":{"start":{"line":34,"column":2},"end":{"line":51,"column":4}},"loc":{"start":{"line":34,"column":2},"end":{"line":51,"column":4}},"line":34},"6":{"name":"showExtraKeys","decl":{"start":{"line":53,"column":2},"end":{"line":70,"column":4}},"loc":{"start":{"line":53,"column":2},"end":{"line":70,"column":4}},"line":53},"7":{"name":"showError","decl":{"start":{"line":72,"column":2},"end":{"line":76,"column":4}},"loc":{"start":{"line":72,"column":2},"end":{"line":76,"column":4}},"line":72},"8":{"name":"showParseError","decl":{"start":{"line":78,"column":2},"end":{"line":93,"column":4}},"loc":{"start":{"line":78,"column":2},"end":{"line":93,"column":4}},"line":78}},"f":{"0":15,"1":14,"2":0,"3":0,"4":0,"5":4,"6":3,"7":4,"8":3}}
,"/Users/nnaidoo/dev/vscode-extensions/envsync-le/src/adapters/vscodeStatusBar.ts": {"path":"/Users/nnaidoo/dev/vscode-extensions/envsync-le/src/adapters/vscodeStatusBar.ts","all":false,"statementMap":{"1":{"start":{"line":2,"column":0},"end":{"line":2,"column":34}},"9":{"start":{"line":10,"column":0},"end":{"line":10,"column":73}},"18":{"start":{"line":19,"column":0},"end":{"line":19,"column":38}},"19":{"start":{"line":20,"column":0},"end":{"line":20,"column":46}},"20":{"start":{"line":21,"column":0},"end":{"line":21,"column":26}},"21":{"start":{"line":22,"column":0},"end":{"line":22,"column":31}},"22":{"start":{"line":23,"column":0},"end":{"line":23,"column":14}},"23":{"start":{"line":24,"column":0},"end":{"line":24,"column":55}},"24":{"start":{"line":25,"column":0},"end":{"line":25,"column":31}},"25":{"start":{"line":26,"column":0},"end":{"line":26,"column":6}},"26":{"start":{"line":27,"column":0},"end":{"line":27,"column":3}},"27":{"start":{"line":28,"column":0},"end":{"line":28,"column":43}},"29":{"start":{"line":30,"column":0},"end":{"line":30,"column":70}},"30":{"start":{"line":31,"column":0},"end":{"line":31,"column":33}},"31":{"start":{"line":32,"column":0},"end":{"line":32,"column":21}},"32":{"start":{"line":33,"column":0},"end":{"line":33,"column":36}},"33":{"start":{"line":34,"column":0},"end":{"line":34,"column":24}},"34":{"start":{"line":35,"column":0},"end":{"line":35,"column":37}},"35":{"start":{"line":36,"column":0},"end":{"line":36,"column":37}},"36":{"start":{"line":37,"column":0},"end":{"line":37,"column":22}},"37":{"start":{"line":38,"column":0},"end":{"line":38,"column":7}},"38":{"start":{"line":39,"column":0},"end":{"line":39,"column":21}},"39":{"start":{"line":40,"column":0},"end":{"line":40,"column":5}},"40":{"start":{"line":41,"column":0},"end":{"line":41,"column":4}},"42":{"start":{"line":43,"column":0},"end":{"line":43,"column":33}},"43":{"start":{"line":44,"column":0},"end":{"line":44,"column":24}},"44":{"start":{"line":45,"column":0},"end":{"line":45,"column":10}},"45":{"start":{"line":46,"column":0},"end":{"line":46,"column":3}},"47":{"start":{"line":48,"column":0},"end":{"line":48,"column":19}},"48":{"start":{"line":49,"column":0},"end":{"line":49,"column":18}},"50":{"start":{"line":51,"column":0},"end":{"line":51,"column":37}},"51":{"start":{"line":52,"column":0},"end":{"line":52,"column":37}},"52":{"start":{"line":53,"column":0},"end":{"line":53,"column":31}},"53":{"start":{"line":54,"column":0},"end":{"line":54,"column":36}},"54":{"start":{"line":55,"column":0},"end":{"line":55,"column":6}},"55":{"start":{"line":56,"column":0},"end":{"line":56,"column":46}},"56":{"start":{"line":57,"column":0},"end":{"line":57,"column":38}},"57":{"start":{"line":58,"column":0},"end":{"line":58,"column":10}},"59":{"start":{"line":60,"column":0},"end":{"line":60,"column":23}},"60":{"start":{"line":61,"column":0},"end":{"line":61,"column":21}},"62":{"start":{"line":63,"column":0},"end":{"line":63,"column":49}},"63":{"start":{"line":64,"column":0},"end":{"line":64,"column":37}},"64":{"start":{"line":65,"column":0},"end":{"line":65,"column":35}},"65":{"start":{"line":66,"column":0},"end":{"line":66,"column":52}},"66":{"start":{"line":67,"column":0},"end":{"line":67,"column":6}},"67":{"start":{"line":68,"column":0},"end":{"line":68,"column":56}},"68":{"start":{"line":69,"column":0},"end":{"line":69,"column":39}},"69":{"start":{"line":70,"column":0},"end":{"line":70,"column":6}},"70":{"start":{"line":71,"column":0},"end":{"line":71,"column":52}},"71":{"start":{"line":72,"column":0},"end":{"line":72,"column":10}},"73":{"start":{"line":74,"column":0},"end":{"line":74,"column":22}},"75":{"start":{"line":76,"column":0},"end":{"line":76,"column":24}},"76":{"start":{"line":77,"column":0},"end":{"line":77,"column":58}},"77":{"start":{"line":78,"column":0},"end":{"line":78,"column":37}},"78":{"start":{"line":79,"column":0},"end":{"line":79,"column":29}},"79":{"start":{"line":80,"column":0},"end":{"line":80,"column":56}},"80":{"start":{"line":81,"column":0},"end":{"line":81,"column":6}},"81":{"start":{"line":82,"column":0},"end":{"line":82,"column":56}},"82":{"start":{"line":83,"column":0},"end":{"line":83,"column":37}},"83":{"start":{"line":84,"column":0},"end":{"line":84,"column":6}},"84":{"start":{"line":85,"column":0},"end":{"line":85,"column":52}},"85":{"start":{"line":86,"column":0},"end":{"line":86,"column":10}},"87":{"start":{"line":88,"column":0},"end":{"line":88,"column":19}},"89":{"start":{"line":90,"column":0},"end":{"line":90,"column":25}},"90":{"start":{"line":91,"column":0},"end":{"line":91,"column":11}},"91":{"start":{"line":92,"column":0},"end":{"line":92,"column":3}},"93":{"start":{"line":94,"column":0},"end":{"line":94,"column":23}},"94":{"start":{"line":95,"column":0},"end":{"line":95,"column":2}},"96":{"start":{"line":97,"column":0},"end":{"line":97,"column":27}},"97":{"start":{"line":98,"column":0},"end":{"line":98,"column":26}},"98":{"start":{"line":99,"column":0},"end":{"line":99,"column":2}},"100":{"start":{"line":101,"column":0},"end":{"line":101,"column":23}},"101":{"start":{"line":102,"column":0},"end":{"line":102,"column":15}},"102":{"start":{"line":103,"column":0},"end":{"line":103,"column":10}},"103":{"start":{"line":104,"column":0},"end":{"line":104,"column":4}},"104":{"start":{"line":105,"column":0},"end":{"line":105,"column":1}}},"s":{"1":1,"9":1,"18":1,"19":9,"20":9,"21":9,"22":9,"23":9,"24":9,"25":9,"26":9,"27":9,"29":9,"30":6,"31":6,"32":1,"33":1,"34":0,"35":0,"36":0,"37":0,"38":1,"39":1,"40":6,"42":6,"43":1,"44":1,"45":1,"47":5,"48":6,"50":2,"51":2,"52":2,"53":2,"54":2,"55":2,"56":2,"57":2,"59":6,"60":6,"62":1,"63":1,"64":1,"65":1,"66":1,"67":1,"68":1,"69":1,"70":1,"71":1,"73":6,"75":1,"76":1,"77":1,"78":1,"79":1,"80":1,"81":1,"82":1,"83":1,"84":1,"85":1,"87":6,"89":1,"90":1,"91":6,"93":4,"94":6,"96":9,"97":1,"98":1,"100":9,"101":9,"102":9,"103":9,"104":9},"branchMap":{"0":{"type":"branch","line":19,"loc":{"start":{"line":19,"column":7},"end":{"line":105,"column":1}},"locations":[{"start":{"line":19,"column":7},"end":{"line":105,"column":1}}]},"1":{"type":"branch","line":30,"loc":{"start":{"line":30,"column":1},"end":{"line":95,"column":2}},"locations":[{"start":{"line":30,"column":1},"end":{"line":95,"column":2}}]},"2":{"type":"branch","line":32,"loc":{"start":{"line":32,"column":3},"end":{"line":40,"column":5}},"locations":[{"start":{"line":32,"column":3},"end":{"line":40,"column":5}}]},"3":{"type":"branch","line":43,"loc":{"start":{"line":43,"column":32},"end":{"line":46,"column":3}},"locations":[{"start":{"line":43,"column":32},"end":{"line":46,"column":3}}]},"4":{"type":"branch","line":46,"loc":{"start":{"line":46,"column":2},"end":{"line":48,"column":19}},"locations":[{"start":{"line":46,"column":2},"end":{"line":48,"column":19}}]},"5":{"type":"branch","line":49,"loc":{"start":{"line":49,"column":3},"end":{"line":58,"column":10}},"locations":[{"start":{"line":49,"column":3},"end":{"line":58,"column":10}}]},"6":{"type":"branch","line":60,"loc":{"start":{"line":60,"column":3},"end":{"line":60,"column":23}},"locations":[{"start":{"line":60,"column":3},"end":{"line":60,"column":23}}]},"7":{"type":"branch","line":61,"loc":{"start":{"line":61,"column":3},"end":{"line":72,"column":10}},"locations":[{"start":{"line":61,"column":3},"end":{"line":72,"column":10}}]},"8":{"type":"branch","line":74,"loc":{"start":{"line":74,"column":3},"end":{"line":86,"column":10}},"locations":[{"start":{"line":74,"column":3},"end":{"line":86,"column":10}}]},"9":{"type":"branch","line":77,"loc":{"start":{"line":77,"column":33},"end":{"line":77,"column":48}},"locations":[{"start":{"line":77,"column":33},"end":{"line":77,"column":48}}]},"10":{"type":"branch","line":88,"loc":{"start":{"line":88,"column":3},"end":{"line":91,"column":11}},"locations":[{"start":{"line":88,"column":3},"end":{"line":91,"column":11}}]},"11":{"type":"branch","line":92,"loc":{"start":{"line":92,"column":2},"end":{"line":94,"column":23}},"locations":[{"start":{"line":92,"column":2},"end":{"line":94,"column":23}}]},"12":{"type":"branch","line":97,"loc":{"start":{"line":97,"column":1},"end":{"line":99,"column":2}},"locations":[{"start":{"line":97,"column":1},"end":{"line":99,"column":2}}]}},"b":{"0":[9],"1":[6],"2":[1],"3":[1],"4":[5],"5":[2],"6":[1],"7":[1],"8":[1],"9":[0],"10":[1],"11":[4],"12":[1]},"fnMap":{"0":{"name":"createVSCodeStatusBar","decl":{"start":{"line":19,"column":7},"end":{"line":105,"column":1}},"loc":{"start":{"line":19,"column":7},"end":{"line":105,"column":1}},"line":19},"1":{"name":"updateStatus","decl":{"start":{"line":30,"column":1},"end":{"line":95,"column":2}},"loc":{"start":{"line":30,"column":1},"end":{"line":95,"column":2}},"line":30},"2":{"name":"get","decl":{"start":{"line":33,"column":9},"end":{"line":33,"column":36}},"loc":{"start":{"line":33,"column":9},"end":{"line":33,"column":36}},"line":33},"3":{"name":"getSection","decl":{"start":{"line":34,"column":16},"end":{"line":38,"column":7}},"loc":{"start":{"line":34,"column":16},"end":{"line":38,"column":7}},"line":34},"4":{"name":"has","decl":{"start":{"line":39,"column":9},"end":{"line":39,"column":21}},"loc":{"start":{"line":39,"column":9},"end":{"line":39,"column":21}},"line":39},"5":{"name":"dispose","decl":{"start":{"line":97,"column":1},"end":{"line":99,"column":2}},"loc":{"start":{"line":97,"column":1},"end":{"line":99,"column":2}},"line":97}},"f":{"0":9,"1":6,"2":0,"3":0,"4":0,"5":1}}
,"/Users/nnaidoo/dev/vscode-extensions/envsync-le/src/adapters/vscodeTelemetry.ts": {"path":"/Users/nnaidoo/dev/vscode-extensions/envsync-le/src/adapters/vscodeTelemetry.ts","all":false,"statementMap":{"0":{"start":{"line":1,"column":0},"end":{"line":1,"column":33}},"1":{"start":{"line":2,"column":0},"end":{"line":2,"column":46}},"5":{"start":{"line":6,"column":0},"end":{"line":6,"column":80}},"6":{"start":{"line":7,"column":0},"end":{"line":7,"column":53}},"8":{"start":{"line":9,"column":0},"end":{"line":9,"column":52}},"9":{"start":{"line":10,"column":0},"end":{"line":10,"column":23}},"10":{"start":{"line":11,"column":0},"end":{"line":11,"column":67}},"11":{"start":{"line":12,"column":0},"end":{"line":12,"column":3}},"12":{"start":{"line":13,"column":0},"end":{"line":13,"column":23}},"13":{"start":{"line":14,"column":0},"end":{"line":14,"column":2}},"15":{"start":{"line":16,"column":0},"end":{"line":16,"column":74}},"16":{"start":{"line":17,"column":0},"end":{"line":17,"column":43}},"18":{"start":{"line":19,"column":0},"end":{"line":19,"column":33}},"19":{"start":{"line":20,"column":0},"end":{"line":20,"column":10}},"20":{"start":{"line":21,"column":0},"end":{"line":21,"column":3}},"23":{"start":{"line":24,"column":0},"end":{"line":24,"column":45}},"24":{"start":{"line":25,"column":0},"end":{"line":25,"column":67}},"25":{"start":{"line":26,"column":0},"end":{"line":26,"column":51}},"27":{"start":{"line":28,"column":0},"end":{"line":28,"column":41}},"28":{"start":{"line":29,"column":0},"end":{"line":29,"column":2}},"30":{"start":{"line":31,"column":0},"end":{"line":31,"column":27}},"31":{"start":{"line":32,"column":0},"end":{"line":32,"column":27}},"32":{"start":{"line":33,"column":0},"end":{"line":33,"column":2}},"34":{"start":{"line":35,"column":0},"end":{"line":35,"column":23}},"35":{"start":{"line":36,"column":0},"end":{"line":36,"column":8}},"36":{"start":{"line":37,"column":0},"end":{"line":37,"column":10}},"37":{"start":{"line":38,"column":0},"end":{"line":38,"column":4}},"38":{"start":{"line":39,"column":0},"end":{"line":39,"column":1}}},"s":{"0":1,"1":1,"5":1,"6":4,"8":4,"9":1,"10":1,"11":1,"12":1,"13":1,"15":4,"16":4,"18":4,"19":3,"20":3,"23":1,"24":4,"25":4,"27":4,"28":4,"30":4,"31":0,"32":0,"34":4,"35":4,"36":4,"37":4,"38":4},"branchMap":{"0":{"type":"branch","line":6,"loc":{"start":{"line":6,"column":7},"end":{"line":39,"column":1}},"locations":[{"start":{"line":6,"column":7},"end":{"line":39,"column":1}}]},"1":{"type":"branch","line":9,"loc":{"start":{"line":9,"column":1},"end":{"line":14,"column":2}},"locations":[{"start":{"line":9,"column":1},"end":{"line":14,"column":2}}]},"2":{"type":"branch","line":16,"loc":{"start":{"line":16,"column":1},"end":{"line":29,"column":2}},"locations":[{"start":{"line":16,"column":1},"end":{"line":29,"column":2}}]},"3":{"type":"branch","line":19,"loc":{"start":{"line":19,"column":32},"end":{"line":25,"column":64}},"locations":[{"start":{"line":19,"column":32},"end":{"line":25,"column":64}}]},"4":{"type":"branch","line":21,"loc":{"start":{"line":21,"column":2},"end":{"line":25,"column":64}},"locations":[{"start":{"line":21,"column":2},"end":{"line":25,"column":64}}]},"5":{"type":"branch","line":25,"loc":{"start":{"line":25,"column":59},"end":{"line":25,"column":67}},"locations":[{"start":{"line":25,"column":59},"end":{"line":25,"column":67}}]}},"b":{"0":[4],"1":[1],"2":[4],"3":[3],"4":[1],"5":[0]},"fnMap":{"0":{"name":"createVSCodeTelemetry","decl":{"start":{"line":6,"column":7},"end":{"line":39,"column":1}},"loc":{"start":{"line":6,"column":7},"end":{"line":39,"column":1}},"line":6},"1":{"name":"getOutputChannel","decl":{"start":{"line":9,"column":1},"end":{"line":14,"column":2}},"loc":{"start":{"line":9,"column":1},"end":{"line":14,"column":2}},"line":9},"2":{"name":"event","decl":{"start":{"line":16,"column":1},"end":{"line":29,"column":2}},"loc":{"start":{"line":16,"column":1},"end":{"line":29,"column":2}},"line":16},"3":{"name":"dispose","decl":{"start":{"line":31,"column":1},"end":{"line":33,"column":2}},"loc":{"start":{"line":31,"column":1},"end":{"line":33,"column":2}},"line":31}},"f":{"0":4,"1":1,"2":4,"3":0}}
,"/Users/nnaidoo/dev/vscode-extensions/envsync-le/src/adapters/vscodeWatcher.ts": {"path":"/Users/nnaidoo/dev/vscode-extensions/envsync-le/src/adapters/vscodeWatcher.ts","all":false,"statementMap":{"0":{"start":{"line":1,"column":0},"end":{"line":1,"column":33}},"1":{"start":{"line":2,"column":0},"end":{"line":2,"column":46}},"6":{"start":{"line":7,"column":0},"end":{"line":7,"column":39}},"7":{"start":{"line":8,"column":0},"end":{"line":8,"column":34}},"8":{"start":{"line":9,"column":0},"end":{"line":9,"column":20}},"9":{"start":{"line":10,"column":0},"end":{"line":10,"column":30}},"10":{"start":{"line":11,"column":0},"end":{"line":11,"column":24}},"11":{"start":{"line":12,"column":0},"end":{"line":12,"column":9}},"12":{"start":{"line":13,"column":0},"end":{"line":13,"column":42}},"15":{"start":{"line":16,"column":0},"end":{"line":16,"column":43}},"16":{"start":{"line":17,"column":0},"end":{"line":17,"column":51}},"17":{"start":{"line":18,"column":0},"end":{"line":18,"column":22}},"19":{"start":{"line":20,"column":0},"end":{"line":20,"column":38}},"20":{"start":{"line":21,"column":0},"end":{"line":21,"column":49}},"21":{"start":{"line":22,"column":0},"end":{"line":22,"column":41}},"23":{"start":{"line":24,"column":0},"end":{"line":24,"column":38}},"24":{"start":{"line":25,"column":0},"end":{"line":25,"column":56}},"25":{"start":{"line":26,"column":0},"end":{"line":26,"column":22}},"27":{"start":{"line":28,"column":0},"end":{"line":28,"column":23}},"28":{"start":{"line":29,"column":0},"end":{"line":29,"column":11}},"29":{"start":{"line":30,"column":0},"end":{"line":30,"column":4}},"31":{"start":{"line":32,"column":0},"end":{"line":32,"column":54}},"32":{"start":{"line":33,"column":0},"end":{"line":33,"column":29}},"33":{"start":{"line":34,"column":0},"end":{"line":34,"column":6}},"35":{"start":{"line":36,"column":0},"end":{"line":36,"column":8}},"36":{"start":{"line":37,"column":0},"end":{"line":37,"column":23}},"37":{"start":{"line":38,"column":0},"end":{"line":38,"column":20}},"39":{"start":{"line":40,"column":0},"end":{"line":40,"column":48}},"40":{"start":{"line":41,"column":0},"end":{"line":41,"column":61}},"41":{"start":{"line":42,"column":0},"end":{"line":42,"column":5}},"42":{"start":{"line":43,"column":0},"end":{"line":43,"column":4}},"43":{"start":{"line":44,"column":0},"end":{"line":44,"column":24}},"44":{"start":{"line":45,"column":0},"end":{"line":45,"column":3}},"46":{"start":{"line":47,"column":0},"end":{"line":47,"column":49}},"48":{"start":{"line":49,"column":0},"end":{"line":49,"column":46}},"49":{"start":{"line":50,"column":0},"end":{"line":50,"column":68}},"51":{"start":{"line":52,"column":0},"end":{"line":52,"column":65}},"52":{"start":{"line":53,"column":0},"end":{"line":53,"column":8}},"54":{"start":{"line":55,"column":0},"end":{"line":55,"column":54}},"55":{"start":{"line":56,"column":0},"end":{"line":56,"column":57}},"56":{"start":{"line":57,"column":0},"end":{"line":57,"column":31}},"57":{"start":{"line":58,"column":0},"end":{"line":58,"column":6}},"58":{"start":{"line":59,"column":0},"end":{"line":59,"column":25}},"59":{"start":{"line":60,"column":0},"end":{"line":60,"column":22}},"60":{"start":{"line":61,"column":0},"end":{"line":61,"column":20}},"62":{"start":{"line":63,"column":0},"end":{"line":63,"column":48}},"63":{"start":{"line":64,"column":0},"end":{"line":64,"column":55}},"64":{"start":{"line":65,"column":0},"end":{"line":65,"column":5}},"65":{"start":{"line":66,"column":0},"end":{"line":66,"column":4}},"66":{"start":{"line":67,"column":0},"end":{"line":67,"column":4}},"68":{"start":{"line":69,"column":0},"end":{"line":69,"column":35}},"69":{"start":{"line":70,"column":0},"end":{"line":70,"column":35}},"70":{"start":{"line":71,"column":0},"end":{"line":71,"column":35}},"72":{"start":{"line":73,"column":0},"end":{"line":73,"column":38}},"73":{"start":{"line":74,"column":0},"end":{"line":74,"column":25}},"74":{"start":{"line":75,"column":0},"end":{"line":75,"column":2}},"77":{"start":{"line":78,"column":0},"end":{"line":78,"column":29}},"78":{"start":{"line":79,"column":0},"end":{"line":79,"column":18}},"79":{"start":{"line":80,"column":0},"end":{"line":80,"column":19}},"80":{"start":{"line":81,"column":0},"end":{"line":81,"column":19}},"81":{"start":{"line":82,"column":0},"end":{"line":82,"column":28}},"82":{"start":{"line":83,"column":0},"end":{"line":83,"column":26}},"83":{"start":{"line":84,"column":0},"end":{"line":84,"column":4}},"84":{"start":{"line":85,"column":0},"end":{"line":85,"column":4}},"85":{"start":{"line":86,"column":0},"end":{"line":86,"column":4}},"86":{"start":{"line":87,"column":0},"end":{"line":87,"column":1}},"89":{"start":{"line":90,"column":0},"end":{"line":90,"column":67}},"91":{"start":{"line":92,"column":0},"end":{"line":92,"column":61}},"93":{"start":{"line":94,"column":0},"end":{"line":94,"column":30}},"94":{"start":{"line":95,"column":0},"end":{"line":95,"column":58}},"95":{"start":{"line":96,"column":0},"end":{"line":96,"column":59}},"96":{"start":{"line":97,"column":0},"end":{"line":97,"column":84}},"97":{"start":{"line":98,"column":0},"end":{"line":98,"column":41}},"98":{"start":{"line":99,"column":0},"end":{"line":99,"column":1}}},"s":{"0":1,"1":1,"6":1,"7":5,"8":5,"9":5,"10":5,"11":5,"12":5,"15":5,"16":5,"17":5,"19":5,"20":4,"21":4,"23":4,"24":2,"25":2,"27":0,"28":0,"29":0,"31":2,"32":2,"33":2,"35":2,"36":2,"37":2,"39":0,"40":0,"41":0,"42":0,"43":4,"44":4,"46":5,"48":5,"49":5,"51":5,"52":4,"54":4,"55":4,"56":2,"57":4,"58":4,"59":4,"60":4,"62":0,"63":0,"64":0,"65":0,"66":4,"68":5,"69":5,"70":5,"72":5,"73":5,"74":5,"77":5,"78":5,"79":0,"80":0,"81":0,"82":0,"83":0,"84":0,"85":5,"86":5,"89":2,"91":2,"93":2,"94":2,"95":2,"96":2,"97":2,"98":2},"branchMap":{"0":{"type":"branch","line":7,"loc":{"start":{"line":7,"column":7},"end":{"line":87,"column":1}},"locations":[{"start":{"line":7,"column":7},"end":{"line":87,"column":1}}]},"1":{"type":"branch","line":20,"loc":{"start":{"line":20,"column":25},"end":{"line":45,"column":3}},"locations":[{"start":{"line":20,"column":25},"end":{"line":45,"column":3}}]},"2":{"type":"branch","line":21,"loc":{"start":{"line":21,"column":16},"end":{"line":21,"column":49}},"locations":[{"start":{"line":21,"column":16},"end":{"line":21,"column":49}}]},"3":{"type":"branch","line":22,"loc":{"start":{"line":22,"column":17},"end":{"line":22,"column":41}},"locations":[{"start":{"line":22,"column":17},"end":{"line":22,"column":41}}]},"4":{"type":"branch","line":24,"loc":{"start":{"line":24,"column":25},"end":{"line":44,"column":5}},"locations":[{"start":{"line":24,"column":25},"end":{"line":44,"column":5}}]},"5":{"type":"branch","line":25,"loc":{"start":{"line":25,"column":17},"end":{"line":25,"column":56}},"locations":[{"start":{"line":25,"column":17},"end":{"line":25,"column":56}}]},"6":{"type":"branch","line":26,"loc":{"start":{"line":26,"column":21},"end":{"line":30,"column":4}},"locations":[{"start":{"line":26,"column":21},"end":{"line":30,"column":4}}]},"7":{"type":"branch","line":38,"loc":{"start":{"line":38,"column":3},"end":{"line":43,"column":4}},"locations":[{"start":{"line":38,"column":3},"end":{"line":43,"column":4}}]},"8":{"type":"branch","line":32,"loc":{"start":{"line":32,"column":47},"end":{"line":34,"column":4}},"locations":[{"start":{"line":32,"column":47},"end":{"line":34,"column":4}}]},"9":{"type":"branch","line":52,"loc":{"start":{"line":52,"column":22},"end":{"line":67,"column":4}},"locations":[{"start":{"line":52,"column":22},"end":{"line":67,"column":4}}]},"10":{"type":"branch","line":59,"loc":{"start":{"line":59,"column":18},"end":{"line":59,"column":25}},"locations":[{"start":{"line":59,"column":18},"end":{"line":59,"column":25}}]},"11":{"type":"branch","line":61,"loc":{"start":{"line":61,"column":3},"end":{"line":66,"column":4}},"locations":[{"start":{"line":61,"column":3},"end":{"line":66,"column":4}}]},"12":{"type":"branch","line":56,"loc":{"start":{"line":56,"column":49},"end":{"line":57,"column":31}},"locations":[{"start":{"line":56,"column":49},"end":{"line":57,"column":31}}]},"13":{"type":"branch","line":90,"loc":{"start":{"line":90,"column":0},"end":{"line":99,"column":1}},"locations":[{"start":{"line":90,"column":0},"end":{"line":99,"column":1}}]}},"b":{"0":[5],"1":[4],"2":[0],"3":[1],"4":[2],"5":[0],"6":[0],"7":[0],"8":[2],"9":[4],"10":[0],"11":[0],"12":[2],"13":[2]},"fnMap":{"0":{"name":"registerVSCodeWatchers","decl":{"start":{"line":7,"column":7},"end":{"line":87,"column":1}},"loc":{"start":{"line":7,"column":7},"end":{"line":87,"column":1}},"line":7},"1":{"name":"debouncedDetect","decl":{"start":{"line":20,"column":25},"end":{"line":45,"column":3}},"loc":{"start":{"line":20,"column":25},"end":{"line":45,"column":3}},"line":20},"2":{"name":"handleEvent","decl":{"start":{"line":52,"column":22},"end":{"line":67,"column":4}},"loc":{"start":{"line":52,"column":22},"end":{"line":67,"column":4}},"line":52},"3":{"name":"dispose","decl":{"start":{"line":79,"column":11},"end":{"line":85,"column":4}},"loc":{"start":{"line":79,"column":11},"end":{"line":85,"column":4}},"line":79},"4":{"name":"matchSimpleGlob","decl":{"start":{"line":90,"column":0},"end":{"line":99,"column":1}},"loc":{"start":{"line":90,"column":0},"end":{"line":99,"column":1}},"line":90}},"f":{"0":5,"1":4,"2":4,"3":0,"4":2}}
,"/Users/nnaidoo/dev/vscode-extensions/envsync-le/src/adapters/vscodeWorkspace.ts": {"path":"/Users/nnaidoo/dev/vscode-extensions/envsync-le/src/adapters/vscodeWorkspace.ts","all":false,"statementMap":{"0":{"start":{"line":1,"column":0},"end":{"line":1,"column":33}},"3":{"start":{"line":4,"column":0},"end":{"line":4,"column":52}},"4":{"start":{"line":5,"column":0},"end":{"line":5,"column":9}},"5":{"start":{"line":6,"column":0},"end":{"line":6,"column":37}},"6":{"start":{"line":7,"column":0},"end":{"line":7,"column":61}},"7":{"start":{"line":8,"column":0},"end":{"line":8,"column":4}},"9":{"start":{"line":10,"column":0},"end":{"line":10,"column":44}},"10":{"start":{"line":11,"column":0},"end":{"line":11,"column":39}},"11":{"start":{"line":12,"column":0},"end":{"line":12,"column":31}},"13":{"start":{"line":14,"column":0},"end":{"line":14,"column":8}},"14":{"start":{"line":15,"column":0},"end":{"line":15,"column":67}},"15":{"start":{"line":16,"column":0},"end":{"line":16,"column":71}},"16":{"start":{"line":17,"column":0},"end":{"line":17,"column":12}},"17":{"start":{"line":18,"column":0},"end":{"line":18,"column":17}},"18":{"start":{"line":19,"column":0},"end":{"line":19,"column":4}},"19":{"start":{"line":20,"column":0},"end":{"line":20,"column":4}},"21":{"start":{"line":22,"column":0},"end":{"line":22,"column":21}},"22":{"start":{"line":23,"column":0},"end":{"line":23,"column":68}},"23":{"start":{"line":24,"column":0},"end":{"line":24,"column":4}},"25":{"start":{"line":26,"column":0},"end":{"line":26,"column":24}},"26":{"start":{"line":27,"column":0},"end":{"line":27,"column":37}},"27":{"start":{"line":28,"column":0},"end":{"line":28,"column":4}},"28":{"start":{"line":29,"column":0},"end":{"line":29,"column":3}},"29":{"start":{"line":30,"column":0},"end":{"line":30,"column":1}}},"s":{"0":1,"3":1,"4":10,"5":10,"6":6,"7":6,"9":10,"10":4,"11":4,"13":3,"14":3,"15":4,"16":4,"17":1,"18":1,"19":4,"21":10,"22":2,"23":2,"25":10,"26":2,"27":2,"28":10,"29":10},"branchMap":{"0":{"type":"branch","line":4,"loc":{"start":{"line":4,"column":7},"end":{"line":30,"column":1}},"locations":[{"start":{"line":4,"column":7},"end":{"line":30,"column":1}}]},"1":{"type":"branch","line":6,"loc":{"start":{"line":6,"column":2},"end":{"line":8,"column":4}},"locations":[{"start":{"line":6,"column":2},"end":{"line":8,"column":4}}]},"2":{"type":"branch","line":7,"loc":{"start":{"line":7,"column":47},"end":{"line":7,"column":54}},"locations":[{"start":{"line":7,"column":47},"end":{"line":7,"column":54}}]},"3":{"type":"branch","line":10,"loc":{"start":{"line":10,"column":2},"end":{"line":20,"column":4}},"locations":[{"start":{"line":10,"column":2},"end":{"line":20,"column":4}}]},"4":{"type":"branch","line":12,"loc":{"start":{"line":12,"column":18},"end":{"line":12,"column":31}},"locations":[{"start":{"line":12,"column":18},"end":{"line":12,"column":31}}]},"5":{"type":"branch","line":12,"loc":{"start":{"line":12,"column":25},"end":{"line":16,"column":45}},"locations":[{"start":{"line":12,"column":25},"end":{"line":16,"column":45}}]},"6":{"type":"branch","line":16,"loc":{"start":{"line":16,"column":40},"end":{"line":16,"column":71}},"locations":[{"start":{"line":16,"column":40},"end":{"line":16,"column":71}}]},"7":{"type":"branch","line":17,"loc":{"start":{"line":17,"column":3},"end":{"line":19,"column":4}},"locations":[{"start":{"line":17,"column":3},"end":{"line":19,"column":4}}]},"8":{"type":"branch","line":22,"loc":{"start":{"line":22,"column":2},"end":{"line":24,"column":4}},"locations":[{"start":{"line":22,"column":2},"end":{"line":24,"column":4}}]},"9":{"type":"branch","line":23,"loc":{"start":{"line":23,"column":47},"end":{"line":23,"column":58}},"locations":[{"start":{"line":23,"column":47},"end":{"line":23,"column":58}}]},"10":{"type":"branch","line":23,"loc":{"start":{"line":23,"column":50},"end":{"line":23,"column":68}},"locations":[{"start":{"line":23,"column":50},"end":{"line":23,"column":68}}]},"11":{"type":"branch","line":26,"loc":{"start":{"line":26,"column":2},"end":{"line":28,"column":4}},"locations":[{"start":{"line":26,"column":2},"end":{"line":28,"column":4}}]}},"b":{"0":[10],"1":[6],"2":[4],"3":[4],"4":[1],"5":[3],"6":[2],"7":[1],"8":[2],"9":[1],"10":[1],"11":[2]},"fnMap":{"0":{"name":"createVSCodeWorkspace","decl":{"start":{"line":4,"column":7},"end":{"line":30,"column":1}},"loc":{"start":{"line":4,"column":7},"end":{"line":30,"column":1}},"line":4},"1":{"name":"getRootPath","decl":{"start":{"line":6,"column":2},"end":{"line":8,"column":4}},"loc":{"start":{"line":6,"column":2},"end":{"line":8,"column":4}},"line":6},"2":{"name":"isInWorkspace","decl":{"start":{"line":10,"column":2},"end":{"line":20,"column":4}},"loc":{"start":{"line":10,"column":2},"end":{"line":20,"column":4}},"line":10},"3":{"name":"getName","decl":{"start":{"line":22,"column":2},"end":{"line":24,"column":4}},"loc":{"start":{"line":22,"column":2},"end":{"line":24,"column":4}},"line":22},"4":{"name":"isTrusted","decl":{"start":{"line":26,"column":2},"end":{"line":28,"column":4}},"loc":{"start":{"line":26,"column":2},"end":{"line":28,"column":4}},"line":26}},"f":{"0":10,"1":6,"2":4,"3":2,"4":2}}
,"/Users/nnaidoo/dev/vscode-extensions/envsync-le/src/commands/compareSelected.ts": {"path":"/Users/nnaidoo/dev/vscode-extensions/envsync-le/src/commands/compareSelected.ts","all":false,"statementMap":{"0":{"start":{"line":1,"column":0},"end":{"line":1,"column":33}},"1":{"start":{"line":2,"column":0},"end":{"line":2,"column":34}},"6":{"start":{"line":7,"column":0},"end":{"line":7,"column":73}},"8":{"start":{"line":9,"column":0},"end":{"line":9,"column":47}},"9":{"start":{"line":10,"column":0},"end":{"line":10,"column":34}},"10":{"start":{"line":11,"column":0},"end":{"line":11,"column":17}},"16":{"start":{"line":17,"column":0},"end":{"line":17,"column":9}},"17":{"start":{"line":18,"column":0},"end":{"line":18,"column":54}},"19":{"start":{"line":20,"column":0},"end":{"line":20,"column":28}},"20":{"start":{"line":21,"column":0},"end":{"line":21,"column":34}},"21":{"start":{"line":22,"column":0},"end":{"line":22,"column":32}},"22":{"start":{"line":23,"column":0},"end":{"line":23,"column":53}},"23":{"start":{"line":24,"column":0},"end":{"line":24,"column":60}},"26":{"start":{"line":27,"column":0},"end":{"line":27,"column":41}},"28":{"start":{"line":29,"column":0},"end":{"line":29,"column":34}},"30":{"start":{"line":31,"column":0},"end":{"line":31,"column":26}},"31":{"start":{"line":32,"column":0},"end":{"line":32,"column":21}},"33":{"start":{"line":34,"column":0},"end":{"line":34,"column":27}},"34":{"start":{"line":35,"column":0},"end":{"line":35,"column":12}},"36":{"start":{"line":37,"column":0},"end":{"line":37,"column":57}},"37":{"start":{"line":38,"column":0},"end":{"line":38,"column":17}},"38":{"start":{"line":39,"column":0},"end":{"line":39,"column":11}},"39":{"start":{"line":40,"column":0},"end":{"line":40,"column":9}},"40":{"start":{"line":41,"column":0},"end":{"line":41,"column":7}},"41":{"start":{"line":42,"column":0},"end":{"line":42,"column":55}},"42":{"start":{"line":43,"column":0},"end":{"line":43,"column":25}},"43":{"start":{"line":44,"column":0},"end":{"line":44,"column":38}},"44":{"start":{"line":45,"column":0},"end":{"line":45,"column":36}},"45":{"start":{"line":46,"column":0},"end":{"line":46,"column":32}},"46":{"start":{"line":47,"column":0},"end":{"line":47,"column":16}},"47":{"start":{"line":48,"column":0},"end":{"line":48,"column":39}},"48":{"start":{"line":49,"column":0},"end":{"line":49,"column":43}},"49":{"start":{"line":50,"column":0},"end":{"line":50,"column":9}},"50":{"start":{"line":51,"column":0},"end":{"line":51,"column":8}},"51":{"start":{"line":52,"column":0},"end":{"line":52,"column":13}},"52":{"start":{"line":53,"column":0},"end":{"line":53,"column":6}},"54":{"start":{"line":55,"column":0},"end":{"line":55,"column":47}},"55":{"start":{"line":56,"column":0},"end":{"line":56,"column":52}},"56":{"start":{"line":57,"column":0},"end":{"line":57,"column":31}},"57":{"start":{"line":58,"column":0},"end":{"line":58,"column":25}},"58":{"start":{"line":59,"column":0},"end":{"line":59,"column":9}},"60":{"start":{"line":61,"column":0},"end":{"line":61,"column":53}},"61":{"start":{"line":62,"column":0},"end":{"line":62,"column":24}},"62":{"start":{"line":63,"column":0},"end":{"line":63,"column":28}},"63":{"start":{"line":64,"column":0},"end":{"line":64,"column":37}},"64":{"start":{"line":65,"column":0},"end":{"line":65,"column":38}},"65":{"start":{"line":66,"column":0},"end":{"line":66,"column":8}},"66":{"start":{"line":67,"column":0},"end":{"line":67,"column":8}},"68":{"start":{"line":69,"column":0},"end":{"line":69,"column":73}},"69":{"start":{"line":70,"column":0},"end":{"line":70,"column":13}},"70":{"start":{"line":71,"column":0},"end":{"line":71,"column":35}},"71":{"start":{"line":72,"column":0},"end":{"line":72,"column":62}},"72":{"start":{"line":73,"column":0},"end":{"line":73,"column":13}},"73":{"start":{"line":74,"column":0},"end":{"line":74,"column":50}},"74":{"start":{"line":75,"column":0},"end":{"line":75,"column":6}},"75":{"start":{"line":76,"column":0},"end":{"line":76,"column":5}},"77":{"start":{"line":78,"column":0},"end":{"line":78,"column":35}},"78":{"start":{"line":79,"column":0},"end":{"line":79,"column":27}},"79":{"start":{"line":80,"column":0},"end":{"line":80,"column":15}},"80":{"start":{"line":81,"column":0},"end":{"line":81,"column":40}},"81":{"start":{"line":82,"column":0},"end":{"line":82,"column":56}},"82":{"start":{"line":83,"column":0},"end":{"line":83,"column":8}},"83":{"start":{"line":84,"column":0},"end":{"line":84,"column":7}},"84":{"start":{"line":85,"column":0},"end":{"line":85,"column":12}},"85":{"start":{"line":86,"column":0},"end":{"line":86,"column":5}},"88":{"start":{"line":89,"column":0},"end":{"line":89,"column":52}},"89":{"start":{"line":90,"column":0},"end":{"line":90,"column":56}},"90":{"start":{"line":91,"column":0},"end":{"line":91,"column":40}},"91":{"start":{"line":92,"column":0},"end":{"line":92,"column":7}},"93":{"start":{"line":94,"column":0},"end":{"line":94,"column":30}},"94":{"start":{"line":95,"column":0},"end":{"line":95,"column":27}},"95":{"start":{"line":96,"column":0},"end":{"line":96,"column":15}},"96":{"start":{"line":97,"column":0},"end":{"line":97,"column":44}},"97":{"start":{"line":98,"column":0},"end":{"line":98,"column":45}},"98":{"start":{"line":99,"column":0},"end":{"line":99,"column":8}},"99":{"start":{"line":100,"column":0},"end":{"line":100,"column":7}},"100":{"start":{"line":101,"column":0},"end":{"line":101,"column":12}},"101":{"start":{"line":102,"column":0},"end":{"line":102,"column":5}},"103":{"start":{"line":104,"column":0},"end":{"line":104,"column":9}},"104":{"start":{"line":105,"column":0},"end":{"line":105,"column":42}},"105":{"start":{"line":106,"column":0},"end":{"line":106,"column":7}},"106":{"start":{"line":107,"column":0},"end":{"line":107,"column":32}},"107":{"start":{"line":108,"column":0},"end":{"line":108,"column":23}},"108":{"start":{"line":109,"column":0},"end":{"line":109,"column":37}},"109":{"start":{"line":110,"column":0},"end":{"line":110,"column":38}},"110":{"start":{"line":111,"column":0},"end":{"line":111,"column":9}},"111":{"start":{"line":112,"column":0},"end":{"line":112,"column":26}},"112":{"start":{"line":113,"column":0},"end":{"line":113,"column":8}},"113":{"start":{"line":114,"column":0},"end":{"line":114,"column":19}},"115":{"start":{"line":116,"column":0},"end":{"line":116,"column":47}},"116":{"start":{"line":117,"column":0},"end":{"line":117,"column":42}},"117":{"start":{"line":118,"column":0},"end":{"line":118,"column":9}},"118":{"start":{"line":119,"column":0},"end":{"line":119,"column":8}},"119":{"start":{"line":120,"column":0},"end":{"line":120,"column":7}},"121":{"start":{"line":122,"column":0},"end":{"line":122,"column":40}},"122":{"start":{"line":123,"column":0},"end":{"line":123,"column":32}},"123":{"start":{"line":124,"column":0},"end":{"line":124,"column":16}},"124":{"start":{"line":125,"column":0},"end":{"line":125,"column":34}},"125":{"start":{"line":126,"column":0},"end":{"line":126,"column":42}},"126":{"start":{"line":127,"column":0},"end":{"line":127,"column":9}},"127":{"start":{"line":128,"column":0},"end":{"line":128,"column":8}},"128":{"start":{"line":129,"column":0},"end":{"line":129,"column":52}},"129":{"start":{"line":130,"column":0},"end":{"line":130,"column":28}},"130":{"start":{"line":131,"column":0},"end":{"line":131,"column":16}},"131":{"start":{"line":132,"column":0},"end":{"line":132,"column":39}},"132":{"start":{"line":133,"column":0},"end":{"line":133,"column":55}},"133":{"start":{"line":134,"column":0},"end":{"line":134,"column":9}},"134":{"start":{"line":135,"column":0},"end":{"line":135,"column":8}},"135":{"start":{"line":136,"column":0},"end":{"line":136,"column":51}},"136":{"start":{"line":137,"column":0},"end":{"line":137,"column":26}},"137":{"start":{"line":138,"column":0},"end":{"line":138,"column":16}},"138":{"start":{"line":139,"column":0},"end":{"line":139,"column":39}},"139":{"start":{"line":140,"column":0},"end":{"line":140,"column":58}},"140":{"start":{"line":141,"column":0},"end":{"line":141,"column":9}},"141":{"start":{"line":142,"column":0},"end":{"line":142,"column":8}},"142":{"start":{"line":143,"column":0},"end":{"line":143,"column":13}},"143":{"start":{"line":144,"column":0},"end":{"line":144,"column":32}},"144":{"start":{"line":145,"column":0},"end":{"line":145,"column":16}},"145":{"start":{"line":146,"column":0},"end":{"line":146,"column":46}},"146":{"start":{"line":147,"column":0},"end":{"line":147,"column":60}},"147":{"start":{"line":148,"column":0},"end":{"line":148,"column":24}},"148":{"start":{"line":149,"column":0},"end":{"line":149,"column":9}},"149":{"start":{"line":150,"column":0},"end":{"line":150,"column":8}},"150":{"start":{"line":151,"column":0},"end":{"line":151,"column":6}},"151":{"start":{"line":152,"column":0},"end":{"line":152,"column":21}},"152":{"start":{"line":153,"column":0},"end":{"line":153,"column":25}},"153":{"start":{"line":154,"column":0},"end":{"line":154,"column":15}},"154":{"start":{"line":155,"column":0},"end":{"line":155,"column":43}},"155":{"start":{"line":156,"column":0},"end":{"line":156,"column":38}},"156":{"start":{"line":157,"column":0},"end":{"line":157,"column":32}},"157":{"start":{"line":158,"column":0},"end":{"line":158,"column":8}},"158":{"start":{"line":159,"column":0},"end":{"line":159,"column":7}},"159":{"start":{"line":160,"column":0},"end":{"line":160,"column":5}},"160":{"start":{"line":161,"column":0},"end":{"line":161,"column":5}},"161":{"start":{"line":162,"column":0},"end":{"line":162,"column":4}},"162":{"start":{"line":163,"column":0},"end":{"line":163,"column":3}},"163":{"start":{"line":164,"column":0},"end":{"line":164,"column":1}}},"s":{"0":1,"1":1,"6":1,"8":1,"9":6,"10":6,"16":6,"17":6,"19":6,"20":6,"21":6,"22":6,"23":4,"26":4,"28":4,"30":1,"31":4,"33":1,"34":3,"36":2,"37":2,"38":2,"39":2,"40":2,"41":2,"42":4,"43":2,"44":2,"45":0,"46":0,"47":0,"48":0,"49":0,"50":0,"51":0,"52":0,"54":2,"55":4,"56":4,"57":4,"58":2,"60":2,"61":2,"62":2,"63":2,"64":2,"65":2,"66":2,"68":2,"69":2,"70":2,"71":2,"72":2,"73":0,"74":0,"75":2,"77":4,"78":1,"79":1,"80":1,"81":1,"82":1,"83":1,"84":1,"85":1,"88":3,"89":6,"90":6,"91":3,"93":4,"94":1,"95":1,"96":1,"97":1,"98":1,"99":1,"100":1,"101":1,"103":2,"104":2,"105":2,"106":2,"107":2,"108":2,"109":2,"110":2,"111":2,"112":2,"113":2,"115":2,"116":2,"117":2,"118":2,"119":2,"121":4,"122":0,"123":0,"124":0,"125":0,"126":0,"127":0,"128":4,"129":0,"130":0,"131":0,"132":0,"133":0,"134":0,"135":2,"136":0,"137":0,"138":0,"139":0,"140":0,"141":0,"142":2,"143":2,"144":2,"145":2,"146":2,"147":2,"148":2,"149":2,"150":2,"151":4,"152":0,"153":0,"154":0,"155":0,"156":0,"157":0,"158":0,"159":0,"160":4,"161":6,"162":6,"163":6},"branchMap":{"0":{"type":"branch","line":9,"loc":{"start":{"line":9,"column":7},"end":{"line":164,"column":1}},"locations":[{"start":{"line":9,"column":7},"end":{"line":164,"column":1}}]},"1":{"type":"branch","line":23,"loc":{"start":{"line":23,"column":3},"end":{"line":161,"column":5}},"locations":[{"start":{"line":23,"column":3},"end":{"line":161,"column":5}}]},"2":{"type":"branch","line":29,"loc":{"start":{"line":29,"column":8},"end":{"line":29,"column":33}},"locations":[{"start":{"line":29,"column":8},"end":{"line":29,"column":33}}]},"3":{"type":"branch","line":29,"loc":{"start":{"line":29,"column":33},"end":{"line":32,"column":15}},"locations":[{"start":{"line":29,"column":33},"end":{"line":32,"column":15}}]},"4":{"type":"branch","line":32,"loc":{"start":{"line":32,"column":4},"end":{"line":76,"column":5}},"locations":[{"start":{"line":32,"column":4},"end":{"line":76,"column":5}}]},"5":{"type":"branch","line":32,"loc":{"start":{"line":32,"column":20},"end":{"line":35,"column":11}},"locations":[{"start":{"line":32,"column":20},"end":{"line":35,"column":11}}]},"6":{"type":"branch","line":35,"loc":{"start":{"line":35,"column":4},"end":{"line":76,"column":5}},"locations":[{"start":{"line":35,"column":4},"end":{"line":76,"column":5}}]},"7":{"type":"branch","line":45,"loc":{"start":{"line":45,"column":35},"end":{"line":53,"column":6}},"locations":[{"start":{"line":45,"column":35},"end":{"line":53,"column":6}}]},"8":{"type":"branch","line":70,"loc":{"start":{"line":70,"column":6},"end":{"line":70,"column":13}},"locations":[{"start":{"line":70,"column":6},"end":{"line":70,"column":13}}]},"9":{"type":"branch","line":73,"loc":{"start":{"line":73,"column":5},"end":{"line":75,"column":6}},"locations":[{"start":{"line":73,"column":5},"end":{"line":75,"column":6}}]},"10":{"type":"branch","line":78,"loc":{"start":{"line":78,"column":34},"end":{"line":86,"column":5}},"locations":[{"start":{"line":78,"column":34},"end":{"line":86,"column":5}}]},"11":{"type":"branch","line":86,"loc":{"start":{"line":86,"column":4},"end":{"line":94,"column":29}},"locations":[{"start":{"line":86,"column":4},"end":{"line":94,"column":29}}]},"12":{"type":"branch","line":94,"loc":{"start":{"line":94,"column":29},"end":{"line":102,"column":5}},"locations":[{"start":{"line":94,"column":29},"end":{"line":102,"column":5}}]},"13":{"type":"branch","line":102,"loc":{"start":{"line":102,"column":4},"end":{"line":122,"column":17}},"locations":[{"start":{"line":102,"column":4},"end":{"line":122,"column":17}}]},"14":{"type":"branch","line":122,"loc":{"start":{"line":122,"column":9},"end":{"line":122,"column":28}},"locations":[{"start":{"line":122,"column":9},"end":{"line":122,"column":28}}]},"15":{"type":"branch","line":122,"loc":{"start":{"line":122,"column":39},"end":{"line":129,"column":16}},"locations":[{"start":{"line":122,"column":39},"end":{"line":129,"column":16}}]},"16":{"type":"branch","line":129,"loc":{"start":{"line":129,"column":5},"end":{"line":151,"column":6}},"locations":[{"start":{"line":129,"column":5},"end":{"line":151,"column":6}}]},"17":{"type":"branch","line":129,"loc":{"start":{"line":129,"column":16},"end":{"line":129,"column":35}},"locations":[{"start":{"line":129,"column":16},"end":{"line":129,"column":35}}]},"18":{"type":"branch","line":129,"loc":{"start":{"line":129,"column":51},"end":{"line":136,"column":16}},"locations":[{"start":{"line":129,"column":51},"end":{"line":136,"column":16}}]},"19":{"type":"branch","line":136,"loc":{"start":{"line":136,"column":16},"end":{"line":136,"column":35}},"locations":[{"start":{"line":136,"column":16},"end":{"line":136,"column":35}}]},"20":{"type":"branch","line":136,"loc":{"start":{"line":136,"column":50},"end":{"line":143,"column":12}},"locations":[{"start":{"line":136,"column":50},"end":{"line":143,"column":12}}]},"21":{"type":"branch","line":152,"loc":{"start":{"line":152,"column":4},"end":{"line":160,"column":5}},"locations":[{"start":{"line":152,"column":4},"end":{"line":160,"column":5}}]},"22":{"type":"branch","line":42,"loc":{"start":{"line":42,"column":46},"end":{"line":44,"column":7}},"locations":[{"start":{"line":42,"column":46},"end":{"line":44,"column":7}}]},"23":{"type":"branch","line":55,"loc":{"start":{"line":55,"column":35},"end":{"line":59,"column":7}},"locations":[{"start":{"line":55,"column":35},"end":{"line":59,"column":7}}]},"24":{"type":"branch","line":72,"loc":{"start":{"line":72,"column":35},"end":{"line":72,"column":60}},"locations":[{"start":{"line":72,"column":35},"end":{"line":72,"column":60}}]},"25":{"type":"branch","line":89,"loc":{"start":{"line":89,"column":42},"end":{"line":92,"column":5}},"locations":[{"start":{"line":89,"column":42},"end":{"line":92,"column":5}}]},"26":{"type":"branch","line":90,"loc":{"start":{"line":90,"column":48},"end":{"line":90,"column":56}},"locations":[{"start":{"line":90,"column":48},"end":{"line":90,"column":56}}]},"27":{"type":"branch","line":114,"loc":{"start":{"line":114,"column":6},"end":{"line":119,"column":8}},"locations":[{"start":{"line":114,"column":6},"end":{"line":119,"column":8}}]},"28":{"type":"branch","line":117,"loc":{"start":{"line":117,"column":21},"end":{"line":117,"column":40}},"locations":[{"start":{"line":117,"column":21},"end":{"line":117,"column":40}}]}},"b":{"0":[6],"1":[4],"2":[1],"3":[1],"4":[3],"5":[1],"6":[2],"7":[0],"8":[0],"9":[0],"10":[1],"11":[3],"12":[1],"13":[2],"14":[0],"15":[0],"16":[2],"17":[0],"18":[0],"19":[0],"20":[0],"21":[0],"22":[4],"23":[4],"24":[4],"25":[6],"26":[0],"27":[2],"28":[4]},"fnMap":{"0":{"name":"registerCompareSelectedCommand","decl":{"start":{"line":9,"column":7},"end":{"line":164,"column":1}},"loc":{"start":{"line":9,"column":7},"end":{"line":164,"column":1}},"line":9}},"f":{"0":6}}
,"/Users/nnaidoo/dev/vscode-extensions/envsync-le/src/commands/ignoreFile.ts": {"path":"/Users/nnaidoo/dev/vscode-extensions/envsync-le/src/commands/ignoreFile.ts","all":false,"statementMap":{"0":{"start":{"line":1,"column":0},"end":{"line":1,"column":33}},"1":{"start":{"line":2,"column":0},"end":{"line":2,"column":34}},"2":{"start":{"line":3,"column":0},"end":{"line":3,"column":46}},"7":{"start":{"line":8,"column":0},"end":{"line":8,"column":73}},"9":{"start":{"line":10,"column":0},"end":{"line":10,"column":42}},"10":{"start":{"line":11,"column":0},"end":{"line":11,"column":34}},"11":{"start":{"line":12,"column":0},"end":{"line":12,"column":17}},"18":{"start":{"line":19,"column":0},"end":{"line":19,"column":9}},"19":{"start":{"line":20,"column":0},"end":{"line":20,"column":69}},"21":{"start":{"line":22,"column":0},"end":{"line":22,"column":28}},"22":{"start":{"line":23,"column":0},"end":{"line":23,"column":34}},"23":{"start":{"line":24,"column":0},"end":{"line":24,"column":27}},"24":{"start":{"line":25,"column":0},"end":{"line":25,"column":32}},"25":{"start":{"line":26,"column":0},"end":{"line":26,"column":55}},"27":{"start":{"line":28,"column":0},"end":{"line":28,"column":49}},"29":{"start":{"line":30,"column":0},"end":{"line":30,"column":22}},"31":{"start":{"line":32,"column":0},"end":{"line":32,"column":74}},"32":{"start":{"line":33,"column":0},"end":{"line":33,"column":36}},"33":{"start":{"line":34,"column":0},"end":{"line":34,"column":32}},"34":{"start":{"line":35,"column":0},"end":{"line":35,"column":16}},"35":{"start":{"line":36,"column":0},"end":{"line":36,"column":39}},"36":{"start":{"line":37,"column":0},"end":{"line":37,"column":43}},"37":{"start":{"line":38,"column":0},"end":{"line":38,"column":9}},"38":{"start":{"line":39,"column":0},"end":{"line":39,"column":8}},"39":{"start":{"line":40,"column":0},"end":{"line":40,"column":13}},"40":{"start":{"line":41,"column":0},"end":{"line":41,"column":6}},"42":{"start":{"line":43,"column":0},"end":{"line":43,"column":47}},"43":{"start":{"line":44,"column":0},"end":{"line":44,"column":54}},"44":{"start":{"line":45,"column":0},"end":{"line":45,"column":33}},"45":{"start":{"line":46,"column":0},"end":{"line":46,"column":27}},"46":{"start":{"line":47,"column":0},"end":{"line":47,"column":9}},"48":{"start":{"line":49,"column":0},"end":{"line":49,"column":53}},"49":{"start":{"line":50,"column":0},"end":{"line":50,"column":28}},"50":{"start":{"line":51,"column":0},"end":{"line":51,"column":38}},"51":{"start":{"line":52,"column":0},"end":{"line":52,"column":36}},"52":{"start":{"line":53,"column":0},"end":{"line":53,"column":8}},"53":{"start":{"line":54,"column":0},"end":{"line":54,"column":8}},"55":{"start":{"line":56,"column":0},"end":{"line":56,"column":27}},"56":{"start":{"line":57,"column":0},"end":{"line":57,"column":44}},"57":{"start":{"line":58,"column":0},"end":{"line":58,"column":5}},"60":{"start":{"line":61,"column":0},"end":{"line":61,"column":62}},"61":{"start":{"line":62,"column":0},"end":{"line":62,"column":39}},"62":{"start":{"line":63,"column":0},"end":{"line":63,"column":27}},"63":{"start":{"line":64,"column":0},"end":{"line":64,"column":15}},"64":{"start":{"line":65,"column":0},"end":{"line":65,"column":38}},"65":{"start":{"line":66,"column":0},"end":{"line":66,"column":35}},"66":{"start":{"line":67,"column":0},"end":{"line":67,"column":8}},"67":{"start":{"line":68,"column":0},"end":{"line":68,"column":7}},"68":{"start":{"line":69,"column":0},"end":{"line":69,"column":12}},"69":{"start":{"line":70,"column":0},"end":{"line":70,"column":5}},"71":{"start":{"line":72,"column":0},"end":{"line":72,"column":9}},"72":{"start":{"line":73,"column":0},"end":{"line":73,"column":68}},"73":{"start":{"line":74,"column":0},"end":{"line":74,"column":70}},"74":{"start":{"line":75,"column":0},"end":{"line":75,"column":70}},"76":{"start":{"line":77,"column":0},"end":{"line":77,"column":49}},"77":{"start":{"line":78,"column":0},"end":{"line":78,"column":32}},"78":{"start":{"line":79,"column":0},"end":{"line":79,"column":16}},"79":{"start":{"line":80,"column":0},"end":{"line":80,"column":42}},"80":{"start":{"line":81,"column":0},"end":{"line":81,"column":39}},"81":{"start":{"line":82,"column":0},"end":{"line":82,"column":21}},"82":{"start":{"line":83,"column":0},"end":{"line":83,"column":9}},"83":{"start":{"line":84,"column":0},"end":{"line":84,"column":8}},"84":{"start":{"line":85,"column":0},"end":{"line":85,"column":13}},"85":{"start":{"line":86,"column":0},"end":{"line":86,"column":6}},"88":{"start":{"line":89,"column":0},"end":{"line":89,"column":58}},"89":{"start":{"line":90,"column":0},"end":{"line":90,"column":25}},"90":{"start":{"line":91,"column":0},"end":{"line":91,"column":24}},"91":{"start":{"line":92,"column":0},"end":{"line":92,"column":17}},"92":{"start":{"line":93,"column":0},"end":{"line":93,"column":43}},"93":{"start":{"line":94,"column":0},"end":{"line":94,"column":7}},"96":{"start":{"line":97,"column":0},"end":{"line":97,"column":32}},"98":{"start":{"line":99,"column":0},"end":{"line":99,"column":31}},"99":{"start":{"line":100,"column":0},"end":{"line":100,"column":15}},"100":{"start":{"line":101,"column":0},"end":{"line":101,"column":38}},"101":{"start":{"line":102,"column":0},"end":{"line":102,"column":69}},"102":{"start":{"line":103,"column":0},"end":{"line":103,"column":20}},"103":{"start":{"line":104,"column":0},"end":{"line":104,"column":8}},"104":{"start":{"line":105,"column":0},"end":{"line":105,"column":7}},"105":{"start":{"line":106,"column":0},"end":{"line":106,"column":21}},"106":{"start":{"line":107,"column":0},"end":{"line":107,"column":25}},"107":{"start":{"line":108,"column":0},"end":{"line":108,"column":15}},"108":{"start":{"line":109,"column":0},"end":{"line":109,"column":39}},"109":{"start":{"line":110,"column":0},"end":{"line":110,"column":36}},"110":{"start":{"line":111,"column":0},"end":{"line":111,"column":32}},"111":{"start":{"line":112,"column":0},"end":{"line":112,"column":8}},"112":{"start":{"line":113,"column":0},"end":{"line":113,"column":7}},"113":{"start":{"line":114,"column":0},"end":{"line":114,"column":5}},"114":{"start":{"line":115,"column":0},"end":{"line":115,"column":5}},"115":{"start":{"line":116,"column":0},"end":{"line":116,"column":4}},"116":{"start":{"line":117,"column":0},"end":{"line":117,"column":3}},"119":{"start":{"line":120,"column":0},"end":{"line":120,"column":28}},"120":{"start":{"line":121,"column":0},"end":{"line":121,"column":34}},"121":{"start":{"line":122,"column":0},"end":{"line":122,"column":29}},"122":{"start":{"line":123,"column":0},"end":{"line":123,"column":32}},"123":{"start":{"line":124,"column":0},"end":{"line":124,"column":57}},"125":{"start":{"line":126,"column":0},"end":{"line":126,"column":67}},"126":{"start":{"line":127,"column":0},"end":{"line":127,"column":69}},"128":{"start":{"line":129,"column":0},"end":{"line":129,"column":38}},"129":{"start":{"line":130,"column":0},"end":{"line":130,"column":31}
[...]
d":{"line":242,"column":5}}]},"34":{"type":"branch","line":245,"loc":{"start":{"line":245,"column":55},"end":{"line":247,"column":5}},"locations":[{"start":{"line":245,"column":55},"end":{"line":247,"column":5}}]},"35":{"type":"branch","line":250,"loc":{"start":{"line":250,"column":52},"end":{"line":254,"column":40}},"locations":[{"start":{"line":250,"column":52},"end":{"line":254,"column":40}}]},"36":{"type":"branch","line":254,"loc":{"start":{"line":254,"column":40},"end":{"line":256,"column":6}},"locations":[{"start":{"line":254,"column":40},"end":{"line":256,"column":6}}]},"37":{"type":"branch","line":256,"loc":{"start":{"line":256,"column":5},"end":{"line":266,"column":6}},"locations":[{"start":{"line":256,"column":5},"end":{"line":266,"column":6}}]},"38":{"type":"branch","line":267,"loc":{"start":{"line":267,"column":4},"end":{"line":273,"column":5}},"locations":[{"start":{"line":267,"column":4},"end":{"line":273,"column":5}}]},"39":{"type":"branch","line":274,"loc":{"start":{"line":274,"column":3},"end":{"line":275,"column":11}},"locations":[{"start":{"line":274,"column":3},"end":{"line":275,"column":11}}]},"40":{"type":"branch","line":275,"loc":{"start":{"line":275,"column":2},"end":{"line":281,"column":3}},"locations":[{"start":{"line":275,"column":2},"end":{"line":281,"column":3}}]},"41":{"type":"branch","line":289,"loc":{"start":{"line":289,"column":0},"end":{"line":322,"column":1}},"locations":[{"start":{"line":289,"column":0},"end":{"line":322,"column":1}}]},"42":{"type":"branch","line":296,"loc":{"start":{"line":296,"column":35},"end":{"line":319,"column":2}},"locations":[{"start":{"line":296,"column":35},"end":{"line":319,"column":2}}]},"43":{"type":"branch","line":309,"loc":{"start":{"line":309,"column":3},"end":{"line":311,"column":4}},"locations":[{"start":{"line":309,"column":3},"end":{"line":311,"column":4}}]},"44":{"type":"branch","line":312,"loc":{"start":{"line":312,"column":2},"end":{"line":318,"column":3}},"locations":[{"start":{"line":312,"column":2},"end":{"line":318,"column":3}}]},"45":{"type":"branch","line":324,"loc":{"start":{"line":324,"column":0},"end":{"line":346,"column":1}},"locations":[{"start":{"line":324,"column":0},"end":{"line":346,"column":1}}]},"46":{"type":"branch","line":330,"loc":{"start":{"line":330,"column":2},"end":{"line":336,"column":6}},"locations":[{"start":{"line":330,"column":2},"end":{"line":336,"column":6}}]},"47":{"type":"branch","line":332,"loc":{"start":{"line":332,"column":45},"end":{"line":332,"column":58}},"locations":[{"start":{"line":332,"column":45},"end":{"line":332,"column":58}}]},"48":{"type":"branch","line":338,"loc":{"start":{"line":338,"column":2},"end":{"line":340,"column":16}},"locations":[{"start":{"line":338,"column":2},"end":{"line":340,"column":16}}]},"49":{"type":"branch","line":342,"loc":{"start":{"line":342,"column":2},"end":{"line":344,"column":16}},"locations":[{"start":{"line":342,"column":2},"end":{"line":344,"column":16}}]},"50":{"type":"branch","line":333,"loc":{"start":{"line":333,"column":23},"end":{"line":336,"column":4}},"locations":[{"start":{"line":333,"column":23},"end":{"line":336,"column":4}}]},"51":{"type":"branch","line":348,"loc":{"start":{"line":348,"column":0},"end":{"line":350,"column":1}},"locations":[{"start":{"line":348,"column":0},"end":{"line":350,"column":1}}]}},"b":{"0":[14],"1":[12],"2":[2],"3":[10],"4":[2],"5":[2],"6":[8],"7":[2],"8":[8],"9":[2],"10":[10],"11":[4],"12":[4],"13":[5],"14":[10],"15":[3],"16":[3],"17":[5],"18":[10],"19":[0],"20":[2],"21":[1],"22":[0],"23":[0],"24":[0],"25":[0],"26":[0],"27":[0],"28":[0],"29":[10],"30":[0],"31":[9],"32":[16],"33":[0],"34":[0],"35":[15],"36":[1],"37":[15],"38":[1],"39":[9],"40":[1],"41":[1],"42":[2],"43":[0],"44":[0],"45":[10],"46":[1],"47":[0],"48":[2],"49":[7],"50":[3],"51":[5]},"fnMap":{"0":{"name":"createDetector","decl":{"start":{"line":16,"column":7},"end":{"line":209,"column":1}},"loc":{"start":{"line":16,"column":7},"end":{"line":209,"column":1}},"line":16},"1":{"name":"checkSync","decl":{"start":{"line":27,"column":1},"end":{"line":119,"column":2}},"loc":{"start":{"line":27,"column":1},"end":{"line":119,"column":2}},"line":27},"2":{"name":"checkSyncForFiles","decl":{"start":{"line":121,"column":1},"end":{"line":198,"column":2}},"loc":{"start":{"line":121,"column":1},"end":{"line":198,"column":2}},"line":121},"3":{"name":"dispose","decl":{"start":{"line":200,"column":1},"end":{"line":202,"column":2}},"loc":{"start":{"line":200,"column":1},"end":{"line":202,"column":2}},"line":200},"4":{"name":"discoverDotenvFiles","decl":{"start":{"line":211,"column":0},"end":{"line":287,"column":1}},"loc":{"start":{"line":211,"column":0},"end":{"line":287,"column":1}},"line":211},"5":{"name":"loadSpecificFiles","decl":{"start":{"line":289,"column":0},"end":{"line":322,"column":1}},"loc":{"start":{"line":289,"column":0},"end":{"line":322,"column":1}},"line":289},"6":{"name":"applyComparisonModeFilter","decl":{"start":{"line":324,"column":0},"end":{"line":346,"column":1}},"loc":{"start":{"line":324,"column":0},"end":{"line":346,"column":1}},"line":324},"7":{"name":"sanitizeParseMessage","decl":{"start":{"line":348,"column":0},"end":{"line":350,"column":1}},"loc":{"start":{"line":348,"column":0},"end":{"line":350,"column":1}},"line":348}},"f":{"0":14,"1":12,"2":1,"3":0,"4":10,"5":1,"6":10,"7":5}}
,"/Users/nnaidoo/dev/vscode-extensions/envsync-le/src/detection/parser.ts": {"path":"/Users/nnaidoo/dev/vscode-extensions/envsync-le/src/detection/parser.ts","all":false,"statementMap":{"2":{"start":{"line":3,"column":0},"end":{"line":3,"column":32}},"3":{"start":{"line":4,"column":0},"end":{"line":4,"column":17}},"4":{"start":{"line":5,"column":0},"end":{"line":5,"column":18}},"5":{"start":{"line":6,"column":0},"end":{"line":6,"column":16}},"6":{"start":{"line":7,"column":0},"end":{"line":7,"column":27}},"7":{"start":{"line":8,"column":0},"end":{"line":8,"column":22}},"11":{"start":{"line":12,"column":0},"end":{"line":12,"column":9}},"13":{"start":{"line":14,"column":0},"end":{"line":14,"column":6}},"14":{"start":{"line":15,"column":0},"end":{"line":15,"column":36}},"16":{"start":{"line":17,"column":0},"end":{"line":17,"column":42}},"17":{"start":{"line":18,"column":0},"end":{"line":18,"column":33}},"18":{"start":{"line":19,"column":0},"end":{"line":19,"column":28}},"21":{"start":{"line":22,"column":0},"end":{"line":22,"column":39}},"22":{"start":{"line":23,"column":0},"end":{"line":23,"column":13}},"23":{"start":{"line":24,"column":0},"end":{"line":24,"column":4}},"26":{"start":{"line":27,"column":0},"end":{"line":27,"column":40}},"27":{"start":{"line":28,"column":0},"end":{"line":28,"column":27}},"29":{"start":{"line":30,"column":0},"end":{"line":30,"column":26}},"30":{"start":{"line":31,"column":0},"end":{"line":31,"column":18}},"31":{"start":{"line":32,"column":0},"end":{"line":32,"column":26}},"32":{"start":{"line":33,"column":0},"end":{"line":33,"column":70}},"33":{"start":{"line":34,"column":0},"end":{"line":34,"column":15}},"34":{"start":{"line":35,"column":0},"end":{"line":35,"column":8}},"35":{"start":{"line":36,"column":0},"end":{"line":36,"column":5}},"36":{"start":{"line":37,"column":0},"end":{"line":37,"column":13}},"37":{"start":{"line":38,"column":0},"end":{"line":38,"column":4}},"39":{"start":{"line":40,"column":0},"end":{"line":40,"column":52}},"40":{"start":{"line":41,"column":0},"end":{"line":41,"column":14}},"41":{"start":{"line":42,"column":0},"end":{"line":42,"column":17}},"42":{"start":{"line":43,"column":0},"end":{"line":43,"column":25}},"43":{"start":{"line":44,"column":0},"end":{"line":44,"column":65}},"44":{"start":{"line":45,"column":0},"end":{"line":45,"column":14}},"45":{"start":{"line":46,"column":0},"end":{"line":46,"column":7}},"46":{"start":{"line":47,"column":0},"end":{"line":47,"column":13}},"47":{"start":{"line":48,"column":0},"end":{"line":48,"column":4}},"50":{"start":{"line":51,"column":0},"end":{"line":51,"column":48}},"51":{"start":{"line":52,"column":0},"end":{"line":52,"column":17}},"52":{"start":{"line":53,"column":0},"end":{"line":53,"column":25}},"53":{"start":{"line":54,"column":0},"end":{"line":54,"column":64}},"54":{"start":{"line":55,"column":0},"end":{"line":55,"column":14}},"55":{"start":{"line":56,"column":0},"end":{"line":56,"column":7}},"56":{"start":{"line":57,"column":0},"end":{"line":57,"column":13}},"57":{"start":{"line":58,"column":0},"end":{"line":58,"column":4}},"59":{"start":{"line":60,"column":0},"end":{"line":60,"column":18}},"60":{"start":{"line":61,"column":0},"end":{"line":61,"column":3}},"62":{"start":{"line":63,"column":0},"end":{"line":63,"column":10}},"63":{"start":{"line":64,"column":0},"end":{"line":64,"column":17}},"64":{"start":{"line":65,"column":0},"end":{"line":65,"column":29}},"65":{"start":{"line":66,"column":0},"end":{"line":66,"column":33}},"66":{"start":{"line":67,"column":0},"end":{"line":67,"column":4}},"67":{"start":{"line":68,"column":0},"end":{"line":68,"column":18}},"68":{"start":{"line":69,"column":0},"end":{"line":69,"column":10}},"69":{"start":{"line":70,"column":0},"end":{"line":70,"column":18}},"70":{"start":{"line":71,"column":0},"end":{"line":71,"column":27}},"71":{"start":{"line":72,"column":0},"end":{"line":72,"column":26}},"72":{"start":{"line":73,"column":0},"end":{"line":73,"column":5}},"73":{"start":{"line":74,"column":0},"end":{"line":74,"column":25}},"74":{"start":{"line":75,"column":0},"end":{"line":75,"column":73}},"75":{"start":{"line":76,"column":0},"end":{"line":76,"column":14}},"76":{"start":{"line":77,"column":0},"end":{"line":77,"column":6}},"77":{"start":{"line":78,"column":0},"end":{"line":78,"column":6}},"78":{"start":{"line":79,"column":0},"end":{"line":79,"column":4}},"79":{"start":{"line":80,"column":0},"end":{"line":80,"column":2}},"80":{"start":{"line":81,"column":0},"end":{"line":81,"column":1}},"82":{"start":{"line":83,"column":0},"end":{"line":83,"column":66}},"83":{"start":{"line":84,"column":0},"end":{"line":84,"column":50}},"85":{"start":{"line":86,"column":0},"end":{"line":86,"column":40}},"86":{"start":{"line":87,"column":0},"end":{"line":87,"column":49}},"87":{"start":{"line":88,"column":0},"end":{"line":88,"column":69}},"88":{"start":{"line":89,"column":0},"end":{"line":89,"column":19}},"89":{"start":{"line":90,"column":0},"end":{"line":90,"column":68}},"90":{"start":{"line":91,"column":0},"end":{"line":91,"column":22}},"91":{"start":{"line":92,"column":0},"end":{"line":92,"column":68}},"92":{"start":{"line":93,"column":0},"end":{"line":93,"column":23}},"93":{"start":{"line":94,"column":0},"end":{"line":94,"column":47}},"95":{"start":{"line":96,"column":0},"end":{"line":96,"column":27}},"96":{"start":{"line":97,"column":0},"end":{"line":97,"column":1}},"98":{"start":{"line":99,"column":0},"end":{"line":99,"column":34}},"99":{"start":{"line":100,"column":0},"end":{"line":100,"column":18}},"100":{"start":{"line":101,"column":0},"end":{"line":101,"column":36}},"101":{"start":{"line":102,"column":0},"end":{"line":102,"column":12}},"103":{"start":{"line":104,"column":0},"end":{"line":104,"column":78}},"104":{"start":{"line":105,"column":0},"end":{"line":105,"column":1}},"106":{"start":{"line":107,"column":0},"end":{"line":107,"column":67}},"107":{"start":{"line":108,"column":0},"end":{"line":108,"column":61}},"108":{"start":{"line":109,"column":0},"end":{"line":109,"column":30}},"109":{"start":{"line":110,"column":0},"end":{"line":110,"column":58}},"110":{"start":{"line":111,"column":0},"end":{"line":111,"column":59}},"111":{"start":{"line":112,"column":0},"end":{"line":112,"column":84}},"112":{"start":{"line":113,"column":0},"end":{"line":113,"column":41}},"113":{"start":{"line":114,"column":0},"end":{"line":114,"column":1}}},"s":{"2":1,"3":31,"4":31,"5":31,"6":31,"7":31,"11":31,"13":31,"14":31,"16":31,"17":352,"18":352,"21":352,"22":143,"23":143,"26":209,"27":352,"29":3,"30":3,"31":3,"32":3,"33":3,"34":3,"35":3,"36":3,"37":3,"39":206,"40":352,"41":2,"42":2,"43":2,"44":2,"45":2,"46":2,"47":2,"50":352,"51":2,"52":2,"53":2,"54":2,"55":2,"56":2,"57":2,"59":202,"60":202,"62":31,"63":31,"64":31,"65":31,"66":31,"67":31,"68":0,"69":0,"70":0,"71":0,"72":0,"73":0,"74":0,"75":0,"76":0,"77":0,"78":0,"79":0,"80":31,"82":1,"83":35,"85":35,"86":35,"87":35,"88":35,"89":35,"90":35,"91":18,"92":35,"93":18,"95":2,"96":2,"98":1,"99":28,"100":28,"101":28,"103":28,"104":28,"106":29,"107":29,"108":29,"109":29,"110":29,"111":29,"112":29,"113":29},"branchMap":{"0":{"type":"branch","line":3,"loc":{"start":{"line":3,"column":7},"end":{"line":81,"column":1}},"locations":[{"start":{"line":3,"column":7},"end":{"line":81,"column":1}}]},"1":{"type":"branch","line":17,"loc":{"start":{"line":17,"column":41},"end":{"line":61,"column":3}},"locations":[{"start":{"line":17,"column":41},"end":{"line":61,"column":3}}]},"2":{"type":"branch","line":22,"loc":{"start":{"line":22,"column":8},"end":{"line":22,"column":38}},"locations":[{"start":{"line":22,"column":8},"end":{"line":22,"column":38}}]},"3":{"type":"branch","line":22,"loc":{"start":{"line":22,"column":38},"end":{"line":24,"column":4}},"locations":[{"start":{"line":22,"column":38},"end":{"line":24,"column":4}}]},"4":{"type":"branch","line":24,"loc":{"start":{"line":24,"column":3},"end":{"line":28,"column":26}},"locations":[{"start":{"line":24,"column":3},"end":{"line":28,"column":26}}]},"5":{"type":"branch","line":28,"loc":{"start":{"line":28,"column":26},"end":{"line":38,"column":4}},"locations":[{"start":{"line":28,"column":26},"end":{"line":38,"column":4}}]},"6":{"type":"branch","line":38,"loc":{"start":{"line":38,"column":3},"end":{"line":41,"column":13}},"locations":[{"start":{"line":38,"column":3},"end":{"line":41,"column":13}}]},"7":{"type":"branch","line":41,"loc":{"start":{"line":41,"column":13},"end":{"line":48,"column":4}},"locations":[{"start":{"line":41,"column":13},"end":{"line":48,"column":4}}]},"8":{"type":"branch","line":48,"loc":{"start":{"line":48,"column":3},"end":{"line":51,"column":47}},"locations":[{"start":{"line":48,"column":3},"end":{"line":51,"column":47}}]},"9":{"type":"branch","line":51,"loc":{"start":{"line":51,"column":47},"end":{"line":58,"column":4}},"locations":[{"start":{"line":51,"column":47},"end":{"line":58,"column":4}}]},"10":{"type":"branch","line":58,"loc":{"start":{"line":58,"column":3},"end":{"line":61,"column":3}},"locations":[{"start":{"line":58,"column":3},"end":{"line":61,"column":3}}]},"11":{"type":"branch","line":68,"loc":{"start":{"line":68,"column":1},"end":{"line":80,"column":2}},"locations":[{"start":{"line":68,"column":1},"end":{"line":80,"column":2}}]},"12":{"type":"branch","line":83,"loc":{"start":{"line":83,"column":7},"end":{"line":97,"column":1}},"locations":[{"start":{"line":83,"column":7},"end":{"line":97,"column":1}}]},"13":{"type":"branch","line":84,"loc":{"start":{"line":84,"column":42},"end":{"line":84,"column":50}},"locations":[{"start":{"line":84,"column":42},"end":{"line":84,"column":50}}]},"14":{"type":"branch","line":86,"loc":{"start":{"line":86,"column":26},"end":{"line":86,"column":40}},"locations":[{"start":{"line":86,"column":26},"end":{"line":86,"column":40}}]},"15":{"type":"branch","line":86,"loc":{"start":{"line":86,"column":33},"end":{"line":87,"column":41}},"locations":[{"start":{"line":86,"column":33},"end":{"line":87,"column":41}}]},"16":{"type":"branch","line":87,"loc":{"start":{"line":87,"column":34},"end":{"line":88,"column":38}},"locations":[{"start":{"line":87,"column":34},"end":{"line":88,"column":38}}]},"17":{"type":"branch","line":87,"loc":{"start":{"line":87,"column":34},"end":{"line":87,"column":49}},"locations":[{"start":{"line":87,"column":34},"end":{"line":87,"column":49}}]},"18":{"type":"branch","line":87,"loc":{"start":{"line":87,"column":41},"end":{"line":88,"column":38}},"locations":[{"start":{"line":87,"column":41},"end":{"line":88,"column":38}}]},"19":{"type":"branch","line":88,"loc":{"start":{"line":88,"column":33},"end":{"line":88,"column":69}},"locations":[{"start":{"line":88,"column":33},"end":{"line":88,"column":69}}]},"20":{"type":"branch","line":89,"loc":{"start":{"line":89,"column":2},"end":{"line":90,"column":41}},"locations":[{"start":{"line":89,"column":2},"end":{"line":90,"column":41}}]},"21":{"type":"branch","line":89,"loc":{"start":{"line":89,"column":2},"end":{"line":89,"column":19}},"locations":[{"start":{"line":89,"column":2},"end":{"line":89,"column":19}}]},"22":{"type":"branch","line":89,"loc":{"start":{"line":89,"column":9},"end":{"line":90,"column":41}},"locations":[{"start":{"line":89,"column":9},"end":{"line":90,"column":41}}]},"23":{"type":"branch","line":90,"loc":{"start":{"line":90,"column":36},"end":{"line":90,"column":68}},"locations":[{"start":{"line":90,"column":36},"end":{"line":90,"column":68}}]},"24":{"type":"branch","line":91,"loc":{"start":{"line":91,"column":2},"end":{"line":92,"column":68}},"locations":[{"start":{"line":91,"column":2},"end":{"line":92,"column":68}}]},"25":{"type":"branch","line":91,"loc":{"start":{"line":91,"column":2},"end":{"line":91,"column":22}},"locations":[{"start":{"line":91,"column":2},"end":{"line":91,"column":22}}]},"26":{"type":"branch","line":91,"loc":{"start":{"line":91,"column":9},"end":{"line":92,"column":68}},"locations":[{"start":{"line":91,"column":9},"end":{"line":92,"column":68}}]},"27":{"type":"branch","line":91,"loc":{"start":{"line":91,"column":9},"end":{"line":92,"column":42}},"locations":[{"start":{"line":91,"column":9},"end":{"line":92,"column":42}}]},"28":{"type":"branch","line":92,"loc":{"start":{"line":92,"column":37},"end":{"line":92,"column":68}},"locations":[{"start":{"line":92,"column":37},"end":{"line":92,"column":68}}]},"29":{"type":"branch","line":93,"loc":{"start":{"line":93,"column":2},"end":{"line":97,"column":1}},"locations":[{"start":{"line":93,"column":2},"end":{"line":97,"column":1}}]},"30":{"type":"branch","line":93,"loc":{"start":{"line":93,"column":2},"end":{"line":93,"column":23}},"locations":[{"start":{"line":93,"column":2},"end":{"line":93,"column":23}}]},"31":{"type":"branch","line":93,"loc":{"start":{"line":93,"column":9},"end":{"line":94,"column":40}},"locations":[{"start":{"line":93,"column":9},"end":{"line":94,"column":40}}]},"32":{"type":"branch","line":94,"loc":{"start":{"line":94,"column":33},"end":{"line":97,"column":1}},"locations":[{"start":{"line":94,"column":33},"end":{"line":97,"column":1}}]},"33":{"type":"branch","line":99,"loc":{"start":{"line":99,"column":7},"end":{"line":105,"column":1}},"locations":[{"start":{"line":99,"column":7},"end":{"line":105,"column":1}}]},"34":{"type":"branch","line":104,"loc":{"start":{"line":104,"column":29},"end":{"line":104,"column":76}},"locations":[{"start":{"line":104,"column":29},"end":{"line":104,"column":76}}]},"35":{"type":"branch","line":107,"loc":{"start":{"line":107,"column":0},"end":{"line":114,"column":1}},"locations":[{"start":{"line":107,"column":0},"end":{"line":114,"column":1}}]}},"b":{"0":[31],"1":[352],"2":[279],"3":[143],"4":[209],"5":[3],"6":[206],"7":[2],"8":[204],"9":[2],"10":[202],"11":[0],"12":[35],"13":[0],"14":[9],"15":[26],"16":[30],"17":[9],"18":[17],"19":[13],"20":[26],"21":[6],"22":[11],"23":[8],"24":[28],"25":[4],"26":[18],"27":[7],"28":[6],"29":[18],"30":[3],"31":[4],"32":[2],"33":[28],"34":[29],"35":[29]},"fnMap":{"0":{"name":"parseDotenvFile","decl":{"start":{"line":3,"column":7},"end":{"line":81,"column":1}},"loc":{"start":{"line":3,"column":7},"end":{"line":81,"column":1}},"line":3},"1":{"name":"detectFileType","decl":{"start":{"line":83,"column":7},"end":{"line":97,"column":1}},"loc":{"start":{"line":83,"column":7},"end":{"line":97,"column":1}},"line":83},"2":{"name":"shouldExcludeFile","decl":{"start":{"line":99,"column":7},"end":{"line":105,"column":1}},"loc":{"start":{"line":99,"column":7},"end":{"line":105,"column":1}},"line":99},"3":{"name":"matchSimpleGlob","decl":{"start":{"line":107,"column":0},"end":{"line":114,"column":1}},"loc":{"start":{"line":107,"column":0},"end":{"line":114,"column":1}},"line":107}},"f":{"0":31,"1":35,"2":28,"3":29}}
}
