TN:
SF:src/extension.ts
FN:17,activate
FN:34,findFiles
FN:85,deactivate
FNF:3
FNH:2
FNDA:2,activate
FNDA:0,findFiles
FNDA:1,deactivate
DA:1,1
DA:2,1
DA:7,1
DA:8,1
DA:9,1
DA:10,1
DA:11,1
DA:12,1
DA:13,1
DA:14,1
DA:15,1
DA:17,1
DA:19,2
DA:20,2
DA:21,2
DA:22,2
DA:23,2
DA:24,2
DA:25,2
DA:26,2
DA:27,2
DA:28,2
DA:29,2
DA:30,2
DA:31,2
DA:32,2
DA:33,2
DA:34,2
DA:35,0
DA:36,2
DA:37,2
DA:38,2
DA:39,2
DA:40,2
DA:41,2
DA:42,2
DA:43,2
DA:44,2
DA:45,2
DA:46,2
DA:49,2
DA:50,2
DA:51,2
DA:52,2
DA:53,2
DA:54,2
DA:55,2
DA:56,2
DA:57,2
DA:58,2
DA:61,2
DA:64,2
DA:66,1
DA:69,1
DA:70,1
DA:71,1
DA:72,1
DA:73,1
DA:74,1
DA:75,2
DA:78,2
DA:79,2
DA:80,2
DA:82,2
DA:83,2
DA:85,1
DA:87,1
LF:67
LH:66
BRDA:17,0,0,2
BRDA:64,1,0,1
BRDA:72,2,0,0
BRDA:85,3,0,1
BRF:4
BRH:3
end_of_record
TN:
SF:src/adapters/index.ts
FNF:0
FNH:0
DA:1,1
DA:2,1
DA:3,1
DA:4,1
DA:5,1
DA:6,1
DA:7,1
DA:8,1
LF:8
LH:8
BRF:0
BRH:0
end_of_record
TN:
SF:src/adapters/vscodeCommand.ts
FN:5,VSCodeCommandAdapter
FN:7,registerCommand
FN:18,executeCommand
FNF:3
FNH:2
FNDA:2,VSCodeCommandAdapter
FNDA:2,registerCommand
FNDA:0,executeCommand
DA:1,1
DA:4,1
DA:5,1
DA:7,1
DA:8,2
DA:9,2
DA:10,2
DA:11,2
DA:12,2
DA:13,0
DA:14,2
DA:15,2
DA:16,2
DA:18,1
DA:19,0
DA:20,0
DA:21,0
DA:22,0
DA:26,0
DA:27,0
DA:28,1
LF:21
LH:14
BRDA:5,0,0,2
BRDA:7,1,0,2
BRF:2
BRH:2
end_of_record
TN:
SF:src/adapters/vscodeFileSystem.ts
FN:16,createVSCodeFileSystem
FN:18,findFiles
FN:30,readFile
FN:36,getFileStats
FN:47,asRelativePath
FN:51,fileExists
FNF:6
FNH:6
FNDA:9,createVSCodeFileSystem
FNDA:1,findFiles
FNDA:2,readFile
FNDA:1,getFileStats
FNDA:2,asRelativePath
FNDA:2,fileExists
DA:16,1
DA:17,9
DA:18,9
DA:19,1
DA:20,1
DA:21,1
DA:22,1
DA:23,1
DA:24,1
DA:25,2
DA:26,2
DA:27,1
DA:28,1
DA:30,9
DA:31,2
DA:32,2
DA:33,1
DA:34,2
DA:36,9
DA:37,1
DA:38,1
DA:39,1
DA:40,1
DA:41,1
DA:42,1
DA:43,1
DA:44,1
DA:45,1
DA:47,9
DA:48,2
DA:49,2
DA:51,9
DA:52,2
DA:53,2
DA:54,2
DA:55,1
DA:56,1
DA:57,1
DA:58,1
DA:59,2
DA:60,9
DA:61,9
LF:42
LH:42
BRDA:16,0,0,9
BRDA:18,1,0,1
BRDA:24,2,0,2
BRDA:30,3,0,2
BRDA:32,4,0,1
BRDA:36,5,0,1
BRDA:47,6,0,2
BRDA:51,7,0,2
BRDA:54,8,0,1
BRF:9
BRH:9
end_of_record
TN:
SF:src/adapters/vscodeNotifier.ts
FN:14,createVSCodeNotifier
FN:18,getNotificationLevel
FN:21,get
FN:22,getSection
FN:27,has
FN:34,showMissingKeys
FN:53,showExtraKeys
FN:72,showError
FN:78,showParseError
FNF:9
FNH:6
FNDA:15,createVSCodeNotifier
FNDA:14,getNotificationLevel
FNDA:0,get
FNDA:0,getSection
FNDA:0,has
FNDA:4,showMissingKeys
FNDA:3,showExtraKeys
FNDA:4,showError
FNDA:3,showParseError
DA:2,1
DA:7,1
DA:14,1
DA:15,15
DA:16,15
DA:17,15
DA:18,15
DA:19,14
DA:20,14
DA:21,13
DA:22,13
DA:23,0
DA:24,0
DA:25,0
DA:26,0
DA:27,13
DA:28,13
DA:29,14
DA:30,14
DA:31,14
DA:33,15
DA:34,15
DA:35,4
DA:36,4
DA:38,4
DA:39,4
DA:40,4
DA:41,4
DA:42,4
DA:43,4
DA:44,4
DA:45,4
DA:46,4
DA:48,4
DA:49,3
DA:50,3
DA:51,4
DA:53,15
DA:54,3
DA:55,3
DA:57,3
DA:58,3
DA:59,3
DA:60,3
DA:61,3
DA:62,3
DA:63,3
DA:64,3
DA:65,3
DA:67,3
DA:68,1
DA:69,1
DA:70,3
DA:72,15
DA:73,4
DA:74,4
DA:75,3
DA:76,4
DA:78,15
DA:79,3
DA:80,3
DA:82,3
DA:83,3
DA:84,3
DA:85,3
DA:86,3
DA:87,3
DA:88,3
DA:90,3
DA:91,2
DA:92,2
DA:93,3
DA:94,15
DA:95,15
LF:74
LH:70
BRDA:14,0,0,15
BRDA:18,1,0,14
BRDA:20,2,0,13
BRDA:34,3,0,4
BRDA:36,4,0,1
BRDA:36,5,0,3
BRDA:38,6,0,0
BRDA:40,7,0,1
BRDA:40,8,0,2
BRDA:48,9,0,1
BRDA:48,10,0,3
BRDA:53,11,0,3
BRDA:55,12,0,1
BRDA:55,13,0,2
BRDA:57,14,0,0
BRDA:59,15,0,0
BRDA:59,16,0,2
BRDA:67,17,0,1
BRDA:72,18,0,4
BRDA:74,19,0,1
BRDA:74,20,0,3
BRDA:78,21,0,3
BRDA:80,22,0,1
BRDA:80,23,0,2
BRDA:82,24,0,0
BRDA:90,25,0,1
BRDA:90,26,0,2
BRF:27
BRH:23
end_of_record
TN:
SF:src/adapters/vscodeStatusBar.ts
FN:19,createVSCodeStatusBar
FN:30,updateStatus
FN:33,get
FN:34,getSection
FN:39,has
FN:97,dispose
FNF:6
FNH:3
FNDA:9,createVSCodeStatusBar
FNDA:6,updateStatus
FNDA:0,get
FNDA:0,getSection
FNDA:0,has
FNDA:1,dispose
DA:2,1
DA:10,1
DA:19,1
DA:20,9
DA:21,9
DA:22,9
DA:23,9
DA:24,9
DA:25,9
DA:26,9
DA:27,9
DA:28,9
DA:30,9
DA:31,6
DA:32,6
DA:33,1
DA:34,1
DA:35,0
DA:36,0
DA:37,0
DA:38,0
DA:39,1
DA:40,1
DA:41,6
DA:43,6
DA:44,1
DA:45,1
DA:46,1
DA:48,5
DA:49,6
DA:51,2
DA:52,2
DA:53,2
DA:54,2
DA:55,2
DA:56,2
DA:57,2
DA:58,2
DA:60,6
DA:61,6
DA:63,1
DA:64,1
DA:65,1
DA:66,1
DA:67,1
DA:68,1
DA:69,1
DA:70,1
DA:71,1
DA:72,1
DA:74,6
DA:76,1
DA:77,1
DA:78,1
DA:79,1
DA:80,1
DA:81,1
DA:82,1
DA:83,1
DA:84,1
DA:85,1
DA:86,1
DA:88,6
DA:90,1
DA:91,1
DA:92,6
DA:94,4
DA:95,6
DA:97,9
DA:98,1
DA:99,1
DA:101,9
DA:102,9
DA:103,9
DA:104,9
DA:105,9
LF:76
LH:72
BRDA:19,0,0,9
BRDA:30,1,0,6
BRDA:32,2,0,1
BRDA:43,3,0,1
BRDA:46,4,0,5
BRDA:49,5,0,2
BRDA:60,6,0,1
BRDA:61,7,0,1
BRDA:74,8,0,1
BRDA:77,9,0,0
BRDA:88,10,0,1
BRDA:92,11,0,4
BRDA:97,12,0,1
BRF:13
BRH:12
end_of_record
TN:
SF:src/adapters/vscodeTelemetry.ts
FN:6,createVSCodeTelemetry
FN:9,getOutputChannel
FN:16,event
FN:31,dispose
FNF:4
FNH:3
FNDA:4,createVSCodeTelemetry
FNDA:1,getOutputChannel
FNDA:4,event
FNDA:0,dispose
DA:1,1
DA:2,1
DA:6,1
DA:7,4
DA:9,4
DA:10,1
DA:11,1
DA:12,1
DA:13,1
DA:14,1
DA:16,4
DA:17,4
DA:19,4
DA:20,3
DA:21,3
DA:24,1
DA:25,4
DA:26,4
DA:28,4
DA:29,4
DA:31,4
DA:32,0
DA:33,0
DA:35,4
DA:36,4
DA:37,4
DA:38,4
DA:39,4
LF:28
LH:26
BRDA:6,0,0,4
BRDA:9,1,0,1
BRDA:16,2,0,4
BRDA:19,3,0,3
BRDA:21,4,0,1
BRDA:25,5,0,0
BRF:6
BRH:5
end_of_record
TN:
SF:src/adapters/vscodeWatcher.ts
FN:7,registerVSCodeWatchers
FN:20,debouncedDetect
FN:52,handleEvent
FN:79,dispose
FN:90,matchSimpleGlob
FNF:5
FNH:4
FNDA:5,registerVSCodeWatchers
FNDA:4,debouncedDetect
FNDA:4,handleEvent
FNDA:0,dispose
FNDA:2,matchSimpleGlob
DA:1,1
DA:2,1
DA:7,1
DA:8,5
DA:9,5
DA:10,5
DA:11,5
DA:12,5
DA:13,5
DA:16,5
DA:17,5
DA:18,5
DA:20,5
DA:21,4
DA:22,4
DA:24,4
DA:25,2
DA:26,2
DA:28,0
DA:29,0
DA:30,0
DA:32,2
DA:33,2
DA:34,2
DA:36,2
DA:37,2
DA:38,2
DA:40,0
DA:41,0
DA:42,0
DA:43,0
DA:44,4
DA:45,4
DA:47,5
DA:49,5
DA:50,5
DA:52,5
DA:53,4
DA:55,4
DA:56,4
DA:57,2
DA:58,4
DA:59,4
DA:60,4
DA:61,4
DA:63,0
DA:64,0
DA:65,0
DA:66,0
DA:67,4
DA:69,5
DA:70,5
DA:71,5
DA:73,5
DA:74,5
DA:75,5
DA:78,5
DA:79,5
DA:80,0
DA:81,0
DA:82,0
DA:83,0
DA:84,0
DA:85,0
DA:86,5
DA:87,5
DA:90,2
DA:92,2
DA:94,2
DA:95,2
DA:96,2
DA:97,2
DA:98,2
DA:99,2
LF:74
LH:57
BRDA:7,0,0,5
BRDA:20,1,0,4
BRDA:21,2,0,0
BRDA:22,3,0,1
BRDA:24,4,0,2
BRDA:25,5,0,0
BRDA:26,6,0,0
BRDA:38,7,0,0
BRDA:32,8,0,2
BRDA:52,9,0,4
BRDA:59,10,0,0
BRDA:61,11,0,0
BRDA:56,12,0,2
BRDA:90,13,0,2
BRF:14
BRH:8
end_of_record
TN:
SF:src/adapters/vscodeWorkspace.ts
FN:4,createVSCodeWorkspace
FN:6,getRootPath
FN:10,isInWorkspace
FN:22,getName
FN:26,isTrusted
FNF:5
FNH:5
FNDA:10,createVSCodeWorkspace
FNDA:6,getRootPath
FNDA:4,isInWorkspace
FNDA:2,getName
FNDA:2,isTrusted
DA:1,1
DA:4,1
DA:5,10
DA:6,10
DA:7,6
DA:8,6
DA:10,10
DA:11,4
DA:12,4
DA:14,3
DA:15,3
DA:16,4
DA:17,4
DA:18,1
DA:19,1
DA:20,4
DA:22,10
DA:23,2
DA:24,2
DA:26,10
DA:27,2
DA:28,2
DA:29,10
DA:30,10
LF:24
LH:24
BRDA:4,0,0,10
BRDA:6,1,0,6
BRDA:7,2,0,4
BRDA:10,3,0,4
BRDA:12,4,0,1
BRDA:12,5,0,3
BRDA:16,6,0,2
BRDA:17,7,0,1
BRDA:22,8,0,2
BRDA:23,9,0,1
BRDA:23,10,0,1
BRDA:26,11,0,2
BRF:12
BRH:12
end_of_record
TN:
SF:src/commands/compareSelected.ts
FN:9,registerCompareSelectedCommand
FNF:1
FNH:1
FNDA:6,registerCompareSelectedCommand
DA:1,1
DA:2,1
DA:7,1
DA:9,1
DA:10,6
DA:11,6
DA:17,6
DA:18,6
DA:20,6
DA:21,6
DA:22,6
DA:23,6
DA:24,4
DA:27,4
DA:29,4
DA:31,1
DA:32,4
DA:34,1
DA:35,3
DA:37,2
DA:38,2
DA:39,2
DA:40,2
DA:41,2
DA:42,2
DA:43,4
DA:44,2
DA:45,2
DA:46,0
DA:47,0
DA:48,0
DA:49,0
DA:50,0
DA:51,0
DA:52,0
DA:53,0
DA:55,2
DA:56,4
DA:57,4
DA:58,4
DA:59,2
DA:61,2
DA:62,2
DA:63,2
DA:64,2
DA:65,2
DA:66,2
DA:67,2
DA:69,2
DA:70,2
DA:71,2
DA:72,2
DA:73,2
DA:74,0
DA:75,0
DA:76,2
DA:78,4
DA:79,1
DA:80,1
DA:81,1
DA:82,1
DA:83,1
DA:84,1
DA:85,1
DA:86,1
DA:89,3
DA:90,6
DA:91,6
DA:92,3
DA:94,4
DA:95,1
DA:96,1
DA:97,1
DA:98,1
DA:99,1
DA:100,1
DA:101,1
DA:102,1
DA:104,2
DA:105,2
DA:106,2
DA:107,2
DA:108,2
DA:109,2
DA:110,2
DA:111,2
DA:112,2
DA:113,2
DA:114,2
DA:116,2
DA:117,2
DA:118,2
DA:119,2
DA:120,2
DA:122,4
DA:123,0
DA:124,0
DA:125,0
DA:126,0
DA:127,0
DA:128,0
DA:129,4
DA:130,0
DA:131,0
DA:132,0
DA:133,0
DA:134,0
DA:135,0
DA:136,2
DA:137,0
DA:138,0
DA:139,0
DA:140,0
DA:141,0
DA:142,0
DA:143,2
DA:144,2
DA:145,2
DA:146,2
DA:147,2
DA:148,2
DA:149,2
DA:150,2
DA:151,2
DA:152,4
DA:153,0
DA:154,0
DA:155,0
DA:156,0
DA:157,0
DA:158,0
DA:159,0
DA:160,0
DA:161,4
DA:162,6
DA:163,6
DA:164,6
LF:137
LH:101
BRDA:9,0,0,6
BRDA:23,1,0,4
BRDA:29,2,0,1
BRDA:29,3,0,1
BRDA:32,4,0,3
BRDA:32,5,0,1
BRDA:35,6,0,2
BRDA:45,7,0,0
BRDA:70,8,0,0
BRDA:73,9,0,0
BRDA:78,10,0,1
BRDA:86,11,0,3
BRDA:94,12,0,1
BRDA:102,13,0,2
BRDA:122,14,0,0
BRDA:122,15,0,0
BRDA:129,16,0,2
BRDA:129,17,0,0
BRDA:129,18,0,0
BRDA:136,19,0,0
BRDA:136,20,0,0
BRDA:152,21,0,0
BRDA:42,22,0,4
BRDA:55,23,0,4
BRDA:72,24,0,4
BRDA:89,25,0,6
BRDA:90,26,0,0
BRDA:114,27,0,2
BRDA:117,28,0,4
BRF:29
BRH:18
end_of_record
TN:
SF:src/commands/ignoreFile.ts
FN:10,registerIgnoreFileCommand
FNF:1
FNH:1
FNDA:9,registerIgnoreFileCommand
DA:1,1
DA:2,1
DA:3,1
DA:8,1
DA:10,1
DA:11,9
DA:12,9
DA:19,9
DA:20,9
DA:22,9
DA:23,9
DA:24,9
DA:25,9
DA:26,3
DA:28,3
DA:30,3
DA:32,0
DA:33,0
DA:34,0
DA:35,0
DA:36,0
DA:37,0
DA:38,0
DA:39,0
DA:40,0
DA:41,0
DA:43,0
DA:44,0
DA:45,0
DA:46,0
DA:47,0
DA:49,0
DA:50,0
DA:51,0
DA:52,0
DA:53,0
DA:54,0
DA:56,0
DA:57,0
DA:58,0
DA:61,3
DA:62,3
DA:63,1
DA:64,1
DA:65,1
DA:66,1
DA:67,1
DA:68,1
DA:69,1
DA:70,1
DA:72,2
DA:73,2
DA:74,2
DA:75,2
DA:77,3
DA:78,1
DA:79,1
DA:80,1
DA:81,1
DA:82,1
DA:83,1
DA:84,1
DA:85,1
DA:86,1
DA:89,1
DA:90,1
DA:91,1
DA:92,1
DA:93,1
DA:94,1
DA:97,1
DA:99,1
DA:100,1
DA:101,1
DA:102,1
DA:103,1
DA:104,1
DA:105,1
DA:106,3
DA:107,0
DA:108,0
DA:109,0
DA:110,0
DA:111,0
DA:112,0
DA:113,0
DA:114,0
DA:115,3
DA:116,9
DA:117,9
DA:120,9
DA:121,9
DA:122,9
DA:123,9
DA:124,2
DA:126,2
DA:127,2
DA:129,2
DA:130,1
DA:131,1
DA:132,1
DA:133,1
DA:134,1
DA:135,1
DA:136,1
DA:137,1
DA:139,1
DA:141,1
DA:142,1
DA:143,2
DA:145,0
DA:146,0
DA:147,0
DA:148,0
DA:149,0
DA:151,0
DA:152,0
DA:153,0
DA:154,0
DA:155,0
DA:156,0
DA:158,0
DA:159,0
DA:160,0
DA:162,2
DA:163,0
DA:164,0
DA:165,0
DA:166,0
DA:167,0
DA:168,0
DA:169,0
DA:170,0
DA:171,0
DA:173,1
DA:175,1
DA:176,1
DA:177,1
DA:178,1
DA:179,1
DA:180,1
DA:181,1
DA:182,1
DA:185,1
DA:187,1
DA:188,1
DA:189,1
DA:190,1
DA:191,1
DA:192,1
DA:193,1
DA:194,2
DA:195,0
DA:196,0
DA:197,0
DA:198,0
DA:199,0
DA:200,0
DA:201,0
DA:202,0
DA:203,2
DA:204,9
DA:205,9
DA:208,9
DA:209,9
DA:210,2
DA:212,2
DA:214,2
DA:215,0
DA:216,0
DA:217,0
DA:218,0
DA:219,0
DA:220,0
DA:221,0
DA:222,0
DA:224,2
DA:225,2
DA:226,2
DA:227,2
DA:228,2
DA:229,2
DA:230,2
DA:231,2
DA:232,2
DA:234,2
DA:236,1
DA:237,1
DA:238,1
DA:239,1
DA:240,1
DA:241,1
DA:242,1
DA:244,1
DA:246,1
DA:247,1
DA:248,1
DA:249,1
DA:250,1
DA:251,1
DA:252,2
DA:253,0
DA:254,0
DA:255,0
DA:256,0
DA:257,0
DA:258,0
DA:259,0
DA:260,0
DA:261,9
DA:262,9
DA:263,9
LF:212
LH:133
BRDA:10,0,0,9
BRDA:25,1,0,3
BRDA:30,2,0,0
BRDA:61,3,0,0
BRDA:62,4,0,1
BRDA:70,5,0,2
BRDA:77,6,0,1
BRDA:106,7,0,0
BRDA:123,8,0,2
BRDA:129,9,0,1
BRDA:143,10,0,0
BRDA:160,11,0,1
BRDA:162,12,0,0
BRDA:171,13,0,1
BRDA:194,14,0,0
BRDA:176,15,0,2
BRDA:209,16,0,2
BRDA:214,17,0,0
BRDA:234,18,0,1
BRDA:252,19,0,0
BRF:20
BRH:12
end_of_record
TN:
SF:src/commands/index.ts
FN:13,registerAllCommands
FNF:1
FNH:1
FNDA:2,registerAllCommands
DA:7,1
DA:8,1
DA:9,1
DA:10,1
DA:13,1
DA:14,2
DA:15,2
DA:24,2
DA:25,2
DA:26,2
DA:27,2
DA:28,2
DA:29,2
LF:13
LH:13
BRDA:13,0,0,2
BRF:1
BRH:1
end_of_record
TN:
SF:src/commands/setTemplate.ts
FN:9,registerSetTemplateCommand
FNF:1
FNH:1
FNDA:9,registerSetTemplateCommand
DA:1,1
DA:2,1
DA:7,1
DA:9,1
DA:10,9
DA:11,9
DA:18,9
DA:19,9
DA:21,9
DA:22,9
DA:23,9
DA:24,9
DA:25,6
DA:27,6
DA:29,6
DA:31,4
DA:32,4
DA:33,1
DA:34,1
DA:35,1
DA:36,1
DA:37,1
DA:38,1
DA:39,1
DA:40,1
DA:42,3
DA:43,4
DA:44,4
DA:45,4
DA:46,3
DA:48,3
DA:49,3
DA:50,3
DA:51,3
DA:52,3
DA:53,3
DA:55,3
DA:56,2
DA:57,2
DA:60,6
DA:61,6
DA:62,2
DA:63,2
DA:64,2
DA:65,2
DA:66,2
DA:67,2
DA:68,2
DA:69,2
DA:71,2
DA:73,2
DA:74,2
DA:76,2
DA:77,2
DA:78,2
DA:79,2
DA:80,2
DA:81,2
DA:82,2
DA:83,2
DA:84,2
DA:85,2
DA:88,2
DA:90,2
DA:91,2
DA:92,2
DA:93,2
DA:94,2
DA:95,2
DA:96,2
DA:97,6
DA:98,0
DA:99,0
DA:100,0
DA:101,0
DA:102,0
DA:103,0
DA:104,0
DA:105,0
DA:106,6
DA:107,9
DA:108,9
DA:111,9
DA:112,9
DA:113,1
DA:115,1
DA:116,1
DA:117,1
DA:118,1
DA:119,1
DA:120,1
DA:121,1
DA:122,1
DA:123,1
DA:124,1
DA:125,1
DA:126,1
DA:128,1
DA:130,1
DA:131,1
DA:132,1
DA:133,1
DA:134,1
DA:135,1
DA:136,1
DA:137,0
DA:138,0
DA:139,0
DA:140,0
DA:141,0
DA:142,0
DA:143,0
DA:144,0
DA:145,9
DA:146,9
DA:147,9
LF:116
LH:100
BRDA:9,0,0,9
BRDA:24,1,0,6
BRDA:29,2,0,4
BRDA:32,3,0,1
BRDA:40,4,0,3
BRDA:55,5,0,1
BRDA:55,6,0,2
BRDA:60,7,0,0
BRDA:61,8,0,2
BRDA:97,9,0,0
BRDA:42,10,0,4
BRDA:112,11,0,1
BRDA:136,12,0,0
BRF:13
BRH:10
end_of_record
TN:
SF:src/commands/showIssues.ts
FN:9,registerShowIssuesCommand
FNF:1
FNH:1
FNDA:2,registerShowIssuesCommand
DA:1,1
DA:2,1
DA:7,1
DA:9,1
DA:10,2
DA:11,2
DA:17,2
DA:18,2
DA:20,2
DA:21,2
DA:22,0
DA:24,0
DA:26,0
DA:27,0
DA:28,0
DA:29,0
DA:30,0
DA:31,0
DA:32,0
DA:33,0
DA:34,0
DA:36,0
DA:37,0
DA:38,0
DA:39,0
DA:40,0
DA:41,0
DA:42,0
DA:43,0
DA:44,0
DA:47,0
DA:48,0
DA:50,0
DA:51,0
DA:52,0
DA:53,0
DA:54,0
DA:56,0
DA:57,0
DA:58,0
DA:59,0
DA:60,0
DA:61,0
DA:62,0
DA:63,0
DA:64,0
DA:65,0
DA:66,0
DA:67,0
DA:68,0
DA:69,0
DA:71,0
DA:72,0
DA:73,0
DA:74,0
DA:75,0
DA:76,0
DA:77,0
DA:80,0
DA:81,0
DA:82,0
DA:83,0
DA:84,0
DA:85,0
DA:86,0
DA:87,0
DA:88,0
DA:89,0
DA:90,0
DA:91,0
DA:92,0
DA:93,0
DA:94,0
DA:95,2
DA:96,2
DA:97,2
LF:76
LH:13
BRDA:9,0,0,2
BRF:1
BRH:1
end_of_record
TN:
SF:src/config/config.ts
FN:8,readConfig
FN:104,isValidNotificationLevel
FN:108,isValidComparisonMode
FNF:3
FNH:3
FNDA:36,readConfig
FNDA:36,isValidNotificationLevel
FNDA:36,isValidComparisonMode
DA:8,1
DA:9,36
DA:11,36
DA:12,36
DA:13,36
DA:14,36
DA:15,36
DA:17,36
DA:18,36
DA:19,36
DA:20,36
DA:21,36
DA:22,35
DA:23,1
DA:24,36
DA:25,36
DA:26,36
DA:27,36
DA:28,36
DA:29,36
DA:30,36
DA:31,35
DA:32,1
DA:33,36
DA:34,36
DA:35,36
DA:36,36
DA:37,36
DA:38,36
DA:39,36
DA:40,36
DA:41,36
DA:42,36
DA:43,36
DA:44,36
DA:45,36
DA:46,36
DA:47,36
DA:48,36
DA:49,36
DA:50,36
DA:51,36
DA:52,36
DA:53,36
DA:54,36
DA:55,36
DA:56,36
DA:57,36
DA:58,36
DA:59,36
DA:60,36
DA:61,36
DA:62,36
DA:63,36
DA:64,36
DA:65,36
DA:66,36
DA:67,36
DA:68,36
DA:69,36
DA:70,36
DA:71,36
DA:72,36
DA:73,36
DA:76,36
DA:77,36
DA:78,36
DA:79,36
DA:80,36
DA:81,36
DA:82,36
DA:83,36
DA:84,36
DA:85,36
DA:86,36
DA:87,36
DA:88,36
DA:89,36
DA:90,36
DA:91,36
DA:92,36
DA:93,36
DA:94,36
DA:95,36
DA:96,36
DA:97,36
DA:98,36
DA:99,36
DA:100,36
DA:101,36
DA:102,36
DA:104,36
DA:105,36
DA:106,36
DA:108,36
DA:109,36
DA:110,36
LF:97
LH:97
BRDA:8,0,0,36
BRDA:21,1,0,35
BRDA:22,2,0,1
BRDA:30,3,0,35
BRDA:31,4,0,1
BRDA:104,5,0,36
BRDA:108,6,0,36
BRF:7
BRH:7
end_of_record
TN:
SF:src/config/settings.ts
FN:5,registerOpenSettingsCommand
FNF:1
FNH:1
FNDA:3,registerOpenSettingsCommand
DA:5,1
DA:6,3
DA:7,3
DA:8,3
DA:9,3
DA:10,1
DA:12,1
DA:13,1
DA:14,1
DA:15,1
DA:16,3
DA:17,3
LF:12
LH:12
BRDA:5,0,0,3
BRDA:9,1,0,1
BRF:2
BRH:2
end_of_record
TN:
SF:src/detection/comparator.ts
FN:8,compareFiles
FN:81,areFilesInSync
FNF:2
FNH:2
FNDA:17,compareFiles
FNDA:6,areFilesInSync
DA:8,1
DA:9,17
DA:10,17
DA:11,17
DA:12,17
DA:13,4
DA:14,4
DA:15,4
DA:16,4
DA:17,4
DA:18,4
DA:19,4
DA:20,4
DA:21,4
DA:24,13
DA:25,17
DA:26,3
DA:27,3
DA:28,3
DA:29,3
DA:31,0
DA:32,0
DA:33,17
DA:34,10
DA:35,10
DA:37,13
DA:38,13
DA:41,17
DA:42,28
DA:43,28
DA:45,28
DA:46,169
DA:47,15
DA:48,15
DA:49,169
DA:51,28
DA:53,11
DA:54,11
DA:55,11
DA:57,11
DA:58,11
DA:59,11
DA:60,11
DA:61,11
DA:62,11
DA:63,28
DA:66,13
DA:67,17
DA:68,8
DA:69,8
DA:71,13
DA:72,13
DA:73,13
DA:74,13
DA:75,13
DA:76,13
DA:77,13
DA:78,13
DA:79,13
DA:81,1
DA:82,6
DA:84,6
DA:86,6
DA:87,4
DA:90,4
DA:93,4
DA:94,4
DA:95,4
DA:97,1
DA:98,6
DA:99,6
LF:71
LH:69
BRDA:8,0,0,17
BRDA:12,1,0,4
BRDA:21,2,0,14
BRDA:21,3,0,13
BRDA:25,4,0,9
BRDA:25,5,0,3
BRDA:25,6,0,3
BRDA:28,7,0,22
BRDA:29,8,0,0
BRDA:33,9,0,10
BRDA:34,10,0,20
BRDA:34,11,0,109
BRDA:35,12,0,13
BRDA:41,13,0,28
BRDA:45,14,0,169
BRDA:46,15,0,15
BRDA:51,16,0,11
BRDA:60,17,0,0
BRDA:63,18,0,13
BRDA:67,19,0,8
BRDA:69,20,0,13
BRDA:26,21,0,3
BRDA:54,22,0,17
BRDA:54,23,0,13
BRDA:54,24,0,18
BRDA:81,25,0,6
BRDA:82,26,0,2
BRDA:82,27,0,4
BRDA:84,28,0,0
BRDA:86,29,0,4
BRDA:90,30,0,2
BRDA:94,31,0,1
BRDA:95,32,0,1
BRF:33
BRH:30
end_of_record
TN:
SF:src/detection/detector.ts
FN:16,createDetector
FN:27,checkSync
FN:121,checkSyncForFiles
FN:200,dispose
FN:211,discoverDotenvFiles
FN:289,loadSpecificFiles
FN:324,applyComparisonModeFilter
FN:348,sanitizeParseMessage
FNF:8
FNH:7
FNDA:14,createDetector
FNDA:12,checkSync
FNDA:1,checkSyncForFiles
FNDA:0,dispose
FNDA:10,discoverDotenvFiles
FNDA:1,loadSpecificFiles
FNDA:10,applyComparisonModeFilter
FNDA:5,sanitizeParseMessage
DA:1,1
DA:7,1
DA:8,1
DA:16,1
DA:17,14
DA:24,14
DA:25,14
DA:27,14
DA:28,12
DA:30,12
DA:31,2
DA:32,2
DA:33,2
DA:34,2
DA:35,2
DA:36,2
DA:37,2
DA:38,2
DA:39,2
DA:41,10
DA:42,10
DA:43,10
DA:44,10
DA:45,10
DA:46,10
DA:47,10
DA:50,10
DA:51,12
DA:52,2
DA:53,2
DA:54,2
DA:55,8
DA:57,12
DA:58,12
DA:59,12
DA:60,12
DA:61,10
DA:64,10
DA:65,10
DA:66,10
DA:67,10
DA:70,10
DA:71,10
DA:72,4
DA:73,12
DA:74,4
DA:75,5
DA:76,5
DA:77,4
DA:80,12
DA:81,3
DA:82,5
DA:83,5
DA:84,5
DA:85,3
DA:87,10
DA:88,10
DA:89,10
DA:90,10
DA:91,10
DA:93,10
DA:94,12
DA:95,0
DA:96,0
DA:97,0
DA:98,0
DA:99,0
DA:100,0
DA:101,0
DA:102,0
DA:103,0
DA:104,0
DA:105,0
DA:106,0
DA:107,0
DA:108,0
DA:110,0
DA:111,0
DA:112,0
DA:113,0
DA:114,0
DA:115,0
DA:117,0
DA:118,0
DA:119,12
DA:121,14
DA:122,1
DA:123,1
DA:124,1
DA:125,1
DA:126,1
DA:128,1
DA:129,1
DA:130,0
DA:131,0
DA:132,0
DA:133,1
DA:135,1
DA:136,1
DA:137,1
DA:138,1
DA:139,1
DA:142,1
DA:143,1
DA:144,1
DA:145,1
DA:148,1
DA:149,1
DA:150,1
DA:151,1
DA:152,1
DA:153,1
DA:154,1
DA:155,1
DA:158,1
DA:159,0
DA:160,0
DA:161,0
DA:162,0
DA:163,0
DA:165,1
DA:166,1
DA:167,1
DA:168,1
DA:169,1
DA:171,1
DA:172,1
DA:173,0
DA:174,0
DA:175,0
DA:176,0
DA:177,0
DA:178,0
DA:179,0
DA:180,0
DA:181,0
DA:182,0
DA:183,0
DA:184,0
DA:185,0
DA:186,0
DA:188,0
DA:189,0
DA:190,0
DA:191,0
DA:192,0
DA:193,0
DA:194,0
DA:196,0
DA:197,0
DA:198,1
DA:200,14
DA:202,0
DA:204,14
DA:205,14
DA:206,14
DA:207,14
DA:208,14
DA:209,14
DA:211,10
DA:212,10
DA:213,10
DA:214,10
DA:215,10
DA:216,10
DA:217,10
DA:218,10
DA:220,10
DA:222,10
DA:223,0
DA:224,0
DA:225,0
DA:226,0
DA:227,0
DA:228,0
DA:229,0
DA:230,0
DA:232,10
DA:233,10
DA:235,10
DA:236,16
DA:237,16
DA:240,16
DA:241,0
DA:242,0
DA:245,16
DA:246,0
DA:247,0
DA:249,16
DA:250,16
DA:251,15
DA:254,16
DA:255,1
DA:256,1
DA:258,15
DA:259,15
DA:260,15
DA:261,15
DA:262,15
DA:263,15
DA:264,15
DA:265,15
DA:266,15
DA:267,16
DA:268,1
DA:269,1
DA:270,1
DA:271,1
DA:272,1
DA:273,1
DA:274,16
DA:275,10
DA:276,1
DA:277,1
DA:278,1
DA:279,1
DA:280,1
DA:281,1
DA:282,10
DA:285,10
DA:286,10
DA:287,10
DA:289,1
DA:290,1
DA:291,1
DA:292,1
DA:293,1
DA:294,1
DA:296,1
DA:297,2
DA:298,2
DA:299,2
DA:301,2
DA:302,2
DA:303,2
DA:304,2
DA:305,2
DA:306,2
DA:307,2
DA:308,2
DA:309,2
DA:310,0
DA:311,0
DA:312,2
DA:313,0
DA:314,0
DA:315,0
DA:316,0
DA:317,0
DA:318,0
DA:319,2
DA:321,1
DA:322,1
DA:324,10
DA:325,10
DA:326,10
DA:327,10
DA:328,10
DA:329,10
DA:330,10
DA:332,1
DA:333,1
DA:334,3
DA:335,3
DA:336,1
DA:338,10
DA:340,2
DA:342,10
DA:344,7
DA:345,10
DA:346,10
DA:348,5
DA:349,5
DA:350,5
LF:274
LH:200
BRDA:16,0,0,14
BRDA:27,1,0,12
BRDA:30,2,0,2
BRDA:39,3,0,10
BRDA:51,4,0,2
BRDA:51,5,0,2
BRDA:54,6,0,8
BRDA:58,7,0,2
BRDA:58,8,0,8
BRDA:60,9,0,2
BRDA:60,10,0,10
BRDA:71,11,0,4
BRDA:73,12,0,4
BRDA:74,13,0,5
BRDA:77,14,0,10
BRDA:80,15,0,3
BRDA:80,16,0,3
BRDA:81,17,0,5
BRDA:85,18,0,10
BRDA:94,19,0,0
BRDA:53,20,0,2
BRDA:121,21,0,1
BRDA:129,22,0,0
BRDA:129,23,0,0
BRDA:136,24,0,0
BRDA:138,25,0,0
BRDA:158,26,0,0
BRDA:158,27,0,0
BRDA:172,28,0,0
BRDA:211,29,0,10
BRDA:222,30,0,0
BRDA:233,31,0,9
BRDA:235,32,0,16
BRDA:240,33,0,0
BRDA:245,34,0,0
BRDA:250,35,0,15
BRDA:254,36,0,1
BRDA:256,37,0,15
BRDA:267,38,0,1
BRDA:274,39,0,9
BRDA:275,40,0,1
BRDA:289,41,0,1
BRDA:296,42,0,2
BRDA:309,43,0,0
BRDA:312,44,0,0
BRDA:324,45,0,10
BRDA:330,46,0,1
BRDA:332,47,0,0
BRDA:338,48,0,2
BRDA:342,49,0,7
BRDA:333,50,0,3
BRDA:348,51,0,5
BRF:52
BRH:38
end_of_record
TN:
SF:src/detection/parser.ts
FN:3,parseDotenvFile
FN:83,detectFileType
FN:99,shouldExcludeFile
FN:107,matchSimpleGlob
FNF:4
FNH:4
FNDA:31,parseDotenvFile
FNDA:35,detectFileType
FNDA:28,shouldExcludeFile
FNDA:29,matchSimpleGlob
DA:3,1
DA:4,31
DA:5,31
DA:6,31
DA:7,31
DA:8,31
DA:12,31
DA:14,31
DA:15,31
DA:17,31
DA:18,352
DA:19,352
DA:22,352
DA:23,143
DA:24,143
DA:27,209
DA:28,352
DA:30,3
DA:31,3
DA:32,3
DA:33,3
DA:34,3
DA:35,3
DA:36,3
DA:37,3
DA:38,3
DA:40,206
DA:41,352
DA:42,2
DA:43,2
DA:44,2
DA:45,2
DA:46,2
DA:47,2
DA:48,2
DA:51,352
DA:52,2
DA:53,2
DA:54,2
DA:55,2
DA:56,2
DA:57,2
DA:58,2
DA:60,202
DA:61,202
DA:63,31
DA:64,31
DA:65,31
DA:66,31
DA:67,31
DA:68,31
DA:69,0
DA:70,0
DA:71,0
DA:72,0
DA:73,0
DA:74,0
DA:75,0
DA:76,0
DA:77,0
DA:78,0
DA:79,0
DA:80,0
DA:81,31
DA:83,1
DA:84,35
DA:86,35
DA:87,35
DA:88,35
DA:89,35
DA:90,35
DA:91,35
DA:92,18
DA:93,35
DA:94,18
DA:96,2
DA:97,2
DA:99,1
DA:100,28
DA:101,28
DA:102,28
DA:104,28
DA:105,28
DA:107,29
DA:108,29
DA:109,29
DA:110,29
DA:111,29
DA:112,29
DA:113,29
DA:114,29
LF:91
LH:79
BRDA:3,0,0,31
BRDA:17,1,0,352
BRDA:22,2,0,279
BRDA:22,3,0,143
BRDA:24,4,0,209
BRDA:28,5,0,3
BRDA:38,6,0,206
BRDA:41,7,0,2
BRDA:48,8,0,204
BRDA:51,9,0,2
BRDA:58,10,0,202
BRDA:68,11,0,0
BRDA:83,12,0,35
BRDA:84,13,0,0
BRDA:86,14,0,9
BRDA:86,15,0,26
BRDA:87,16,0,30
BRDA:87,17,0,9
BRDA:87,18,0,17
BRDA:88,19,0,13
BRDA:89,20,0,26
BRDA:89,21,0,6
BRDA:89,22,0,11
BRDA:90,23,0,8
BRDA:91,24,0,28
BRDA:91,25,0,4
BRDA:91,26,0,18
BRDA:91,27,0,7
BRDA:92,28,0,6
BRDA:93,29,0,18
BRDA:93,30,0,3
BRDA:93,31,0,4
BRDA:94,32,0,2
BRDA:99,33,0,28
BRDA:104,34,0,29
BRDA:107,35,0,29
BRF:36
BRH:34
end_of_record
